{"C:\\Users\\Liezel Ybanez\\IT342_UniGear-Tracker_G4_Ybanez\\web\\src\\App.jsx": {"path":"C:\\Users\\Liezel Ybanez\\IT342_UniGear-Tracker_G4_Ybanez\\web\\src\\App.jsx","statementMap":{"0":{"start":{"line":15,"column":2},"end":{"line":15,"column":65}},"1":{"start":{"line":19,"column":2},"end":{"line":21,"column":3}},"2":{"start":{"line":20,"column":4},"end":{"line":20,"column":36}},"3":{"start":{"line":23,"column":15},"end":{"line":23,"column":31}},"4":{"start":{"line":24,"column":2},"end":{"line":26,"column":3}},"5":{"start":{"line":25,"column":4},"end":{"line":25,"column":57}},"6":{"start":{"line":28,"column":2},"end":{"line":28,"column":29}},"7":{"start":{"line":32,"column":2},"end":{"line":34,"column":3}},"8":{"start":{"line":33,"column":4},"end":{"line":33,"column":36}},"9":{"start":{"line":36,"column":15},"end":{"line":36,"column":31}},"10":{"start":{"line":37,"column":2},"end":{"line":39,"column":3}},"11":{"start":{"line":38,"column":4},"end":{"line":38,"column":40}},"12":{"start":{"line":41,"column":2},"end":{"line":41,"column":18}},"13":{"start":{"line":45,"column":2},"end":{"line":92,"column":4}}},"fnMap":{"0":{"name":"ProtectedRoute","decl":{"start":{"line":14,"column":9},"end":{"line":14,"column":23}},"loc":{"start":{"line":14,"column":38},"end":{"line":16,"column":1}},"line":14},"1":{"name":"DashboardEntry","decl":{"start":{"line":18,"column":9},"end":{"line":18,"column":23}},"loc":{"start":{"line":18,"column":26},"end":{"line":29,"column":1}},"line":18},"2":{"name":"AdminRoute","decl":{"start":{"line":31,"column":9},"end":{"line":31,"column":19}},"loc":{"start":{"line":31,"column":34},"end":{"line":42,"column":1}},"line":31},"3":{"name":"App","decl":{"start":{"line":44,"column":9},"end":{"line":44,"column":12}},"loc":{"start":{"line":44,"column":15},"end":{"line":93,"column":1}},"line":44}},"branchMap":{"0":{"loc":{"start":{"line":15,"column":9},"end":{"line":15,"column":64}},"type":"cond-expr","locations":[{"start":{"line":15,"column":29},"end":{"line":15,"column":37}},{"start":{"line":15,"column":40},"end":{"line":15,"column":64}}],"line":15},"1":{"loc":{"start":{"line":19,"column":2},"end":{"line":21,"column":3}},"type":"if","locations":[{"start":{"line":19,"column":2},"end":{"line":21,"column":3}},{"start":{},"end":{}}],"line":19},"2":{"loc":{"start":{"line":24,"column":2},"end":{"line":26,"column":3}},"type":"if","locations":[{"start":{"line":24,"column":2},"end":{"line":26,"column":3}},{"start":{},"end":{}}],"line":24},"3":{"loc":{"start":{"line":32,"column":2},"end":{"line":34,"column":3}},"type":"if","locations":[{"start":{"line":32,"column":2},"end":{"line":34,"column":3}},{"start":{},"end":{}}],"line":32},"4":{"loc":{"start":{"line":37,"column":2},"end":{"line":39,"column":3}},"type":"if","locations":[{"start":{"line":37,"column":2},"end":{"line":39,"column":3}},{"start":{},"end":{}}],"line":37}},"s":{"0":0,"1":0,"2":0,"3":0,"4":0,"5":0,"6":0,"7":0,"8":0,"9":0,"10":0,"11":0,"12":0,"13":0},"f":{"0":0,"1":0,"2":0,"3":0},"b":{"0":[0,0],"1":[0,0],"2":[0,0],"3":[0,0],"4":[0,0]}}
,"C:\\Users\\Liezel Ybanez\\IT342_UniGear-Tracker_G4_Ybanez\\web\\src\\index.js": {"path":"C:\\Users\\Liezel Ybanez\\IT342_UniGear-Tracker_G4_Ybanez\\web\\src\\index.js","statementMap":{"0":{"start":{"line":6,"column":13},"end":{"line":6,"column":65}},"1":{"start":{"line":7,"column":0},"end":{"line":11,"column":2}}},"fnMap":{},"branchMap":{},"s":{"0":0,"1":0},"f":{},"b":{}}
,"C:\\Users\\Liezel Ybanez\\IT342_UniGear-Tracker_G4_Ybanez\\web\\src\\components\\EquipmentDetail.jsx": {"path":"C:\\Users\\Liezel Ybanez\\IT342_UniGear-Tracker_G4_Ybanez\\web\\src\\components\\EquipmentDetail.jsx","statementMap":{"0":{"start":{"line":7,"column":16},"end":{"line":7,"column":81}},"1":{"start":{"line":8,"column":25},"end":{"line":8,"column":51}},"2":{"start":{"line":9,"column":28},"end":{"line":9,"column":75}},"3":{"start":{"line":10,"column":22},"end":{"line":10,"column":27}},"4":{"start":{"line":13,"column":19},"end":{"line":13,"column":32}},"5":{"start":{"line":14,"column":17},"end":{"line":14,"column":28}},"6":{"start":{"line":15,"column":15},"end":{"line":15,"column":31}},"7":{"start":{"line":16,"column":36},"end":{"line":16,"column":50}},"8":{"start":{"line":17,"column":32},"end":{"line":17,"column":46}},"9":{"start":{"line":18,"column":28},"end":{"line":18,"column":40}},"10":{"start":{"line":19,"column":30},"end":{"line":19,"column":42}},"11":{"start":{"line":20,"column":52},"end":{"line":20,"column":63}},"12":{"start":{"line":21,"column":44},"end":{"line":21,"column":59}},"13":{"start":{"line":22,"column":42},"end":{"line":22,"column":62}},"14":{"start":{"line":23,"column":52},"end":{"line":23,"column":66}},"15":{"start":{"line":24,"column":48},"end":{"line":24,"column":62}},"16":{"start":{"line":25,"column":44},"end":{"line":25,"column":56}},"17":{"start":{"line":27,"column":23},"end":{"line":30,"column":16}},"18":{"start":{"line":28,"column":4},"end":{"line":28,"column":13}},"19":{"start":{"line":29,"column":4},"end":{"line":29,"column":23}},"20":{"start":{"line":32,"column":26},"end":{"line":37,"column":8}},"21":{"start":{"line":33,"column":4},"end":{"line":35,"column":5}},"22":{"start":{"line":34,"column":6},"end":{"line":34,"column":23}},"23":{"start":{"line":36,"column":4},"end":{"line":36,"column":83}},"24":{"start":{"line":36,"column":63},"end":{"line":36,"column":81}},"25":{"start":{"line":40,"column":29},"end":{"line":82,"column":8}},"26":{"start":{"line":41,"column":4},"end":{"line":81,"column":5}},"27":{"start":{"line":42,"column":20},"end":{"line":42,"column":49}},"28":{"start":{"line":43,"column":6},"end":{"line":43,"column":43}},"29":{"start":{"line":43,"column":36},"end":{"line":43,"column":43}},"30":{"start":{"line":46,"column":23},"end":{"line":50,"column":8}},"31":{"start":{"line":52,"column":6},"end":{"line":55,"column":7}},"32":{"start":{"line":53,"column":8},"end":{"line":53,"column":65}},"33":{"start":{"line":54,"column":8},"end":{"line":54,"column":15}},"34":{"start":{"line":57,"column":23},"end":{"line":57,"column":44}},"35":{"start":{"line":58,"column":20},"end":{"line":58,"column":22}},"36":{"start":{"line":61,"column":6},"end":{"line":75,"column":9}},"37":{"start":{"line":63,"column":8},"end":{"line":74,"column":9}},"38":{"start":{"line":67,"column":29},"end":{"line":67,"column":57}},"39":{"start":{"line":68,"column":29},"end":{"line":68,"column":57}},"40":{"start":{"line":71,"column":10},"end":{"line":73,"column":11}},"41":{"start":{"line":71,"column":23},"end":{"line":71,"column":43}},"42":{"start":{"line":72,"column":12},"end":{"line":72,"column":36}},"43":{"start":{"line":77,"column":6},"end":{"line":77,"column":30}},"44":{"start":{"line":79,"column":6},"end":{"line":79,"column":65}},"45":{"start":{"line":85,"column":25},"end":{"line":87,"column":3}},"46":{"start":{"line":86,"column":4},"end":{"line":86,"column":74}},"47":{"start":{"line":89,"column":29},"end":{"line":91,"column":3}},"48":{"start":{"line":90,"column":4},"end":{"line":90,"column":69}},"49":{"start":{"line":93,"column":25},"end":{"line":103,"column":3}},"50":{"start":{"line":94,"column":4},"end":{"line":94,"column":28}},"51":{"start":{"line":94,"column":15},"end":{"line":94,"column":28}},"52":{"start":{"line":95,"column":4},"end":{"line":102,"column":7}},"53":{"start":{"line":96,"column":20},"end":{"line":96,"column":40}},"54":{"start":{"line":97,"column":6},"end":{"line":101,"column":8}},"55":{"start":{"line":105,"column":25},"end":{"line":108,"column":3}},"56":{"start":{"line":106,"column":4},"end":{"line":106,"column":70}},"57":{"start":{"line":106,"column":57},"end":{"line":106,"column":70}},"58":{"start":{"line":107,"column":4},"end":{"line":107,"column":64}},"59":{"start":{"line":110,"column":22},"end":{"line":117,"column":3}},"60":{"start":{"line":111,"column":4},"end":{"line":111,"column":50}},"61":{"start":{"line":111,"column":37},"end":{"line":111,"column":50}},"62":{"start":{"line":112,"column":4},"end":{"line":116,"column":6}},"63":{"start":{"line":119,"column":20},"end":{"line":126,"column":3}},"64":{"start":{"line":120,"column":4},"end":{"line":120,"column":48}},"65":{"start":{"line":120,"column":35},"end":{"line":120,"column":48}},"66":{"start":{"line":121,"column":4},"end":{"line":125,"column":6}},"67":{"start":{"line":128,"column":26},"end":{"line":144,"column":3}},"68":{"start":{"line":129,"column":4},"end":{"line":129,"column":37}},"69":{"start":{"line":129,"column":30},"end":{"line":129,"column":37}},"70":{"start":{"line":131,"column":4},"end":{"line":143,"column":5}},"71":{"start":{"line":132,"column":6},"end":{"line":132,"column":33}},"72":{"start":{"line":133,"column":11},"end":{"line":143,"column":5}},"73":{"start":{"line":134,"column":6},"end":{"line":139,"column":7}},"74":{"start":{"line":135,"column":8},"end":{"line":135,"column":35}},"75":{"start":{"line":136,"column":8},"end":{"line":136,"column":33}},"76":{"start":{"line":138,"column":8},"end":{"line":138,"column":33}},"77":{"start":{"line":141,"column":6},"end":{"line":141,"column":33}},"78":{"start":{"line":142,"column":6},"end":{"line":142,"column":31}},"79":{"start":{"line":146,"column":31},"end":{"line":162,"column":3}},"80":{"start":{"line":147,"column":24},"end":{"line":147,"column":52}},"81":{"start":{"line":148,"column":21},"end":{"line":148,"column":53}},"82":{"start":{"line":149,"column":17},"end":{"line":149,"column":19}},"83":{"start":{"line":152,"column":4},"end":{"line":154,"column":5}},"84":{"start":{"line":152,"column":17},"end":{"line":152,"column":18}},"85":{"start":{"line":153,"column":6},"end":{"line":153,"column":22}},"86":{"start":{"line":157,"column":4},"end":{"line":159,"column":5}},"87":{"start":{"line":157,"column":17},"end":{"line":157,"column":18}},"88":{"start":{"line":158,"column":6},"end":{"line":158,"column":82}},"89":{"start":{"line":161,"column":4},"end":{"line":161,"column":16}},"90":{"start":{"line":165,"column":30},"end":{"line":202,"column":8}},"91":{"start":{"line":167,"column":4},"end":{"line":170,"column":5}},"92":{"start":{"line":168,"column":6},"end":{"line":168,"column":76}},"93":{"start":{"line":169,"column":6},"end":{"line":169,"column":13}},"94":{"start":{"line":172,"column":4},"end":{"line":172,"column":27}},"95":{"start":{"line":173,"column":4},"end":{"line":201,"column":5}},"96":{"start":{"line":174,"column":23},"end":{"line":176,"column":7}},"97":{"start":{"line":178,"column":6},"end":{"line":180,"column":7}},"98":{"start":{"line":179,"column":8},"end":{"line":179,"column":64}},"99":{"start":{"line":182,"column":19},"end":{"line":182,"column":40}},"100":{"start":{"line":183,"column":6},"end":{"line":194,"column":7}},"101":{"start":{"line":184,"column":26},"end":{"line":189,"column":11}},"102":{"start":{"line":184,"column":56},"end":{"line":189,"column":9}},"103":{"start":{"line":190,"column":8},"end":{"line":190,"column":29}},"104":{"start":{"line":192,"column":8},"end":{"line":192,"column":57}},"105":{"start":{"line":193,"column":8},"end":{"line":193,"column":22}},"106":{"start":{"line":196,"column":6},"end":{"line":196,"column":66}},"107":{"start":{"line":198,"column":6},"end":{"line":198,"column":20}},"108":{"start":{"line":200,"column":6},"end":{"line":200,"column":30}},"109":{"start":{"line":204,"column":2},"end":{"line":264,"column":42}},"110":{"start":{"line":205,"column":23},"end":{"line":205,"column":44}},"111":{"start":{"line":206,"column":22},"end":{"line":206,"column":73}},"112":{"start":{"line":206,"column":39},"end":{"line":206,"column":57}},"113":{"start":{"line":208,"column":32},"end":{"line":256,"column":5}},"114":{"start":{"line":209,"column":26},"end":{"line":209,"column":42}},"115":{"start":{"line":210,"column":6},"end":{"line":213,"column":7}},"116":{"start":{"line":211,"column":8},"end":{"line":211,"column":46}},"117":{"start":{"line":212,"column":8},"end":{"line":212,"column":15}},"118":{"start":{"line":215,"column":20},"end":{"line":215,"column":49}},"119":{"start":{"line":216,"column":6},"end":{"line":219,"column":7}},"120":{"start":{"line":217,"column":8},"end":{"line":217,"column":46}},"121":{"start":{"line":218,"column":8},"end":{"line":218,"column":15}},"122":{"start":{"line":221,"column":6},"end":{"line":221,"column":23}},"123":{"start":{"line":222,"column":6},"end":{"line":222,"column":19}},"124":{"start":{"line":224,"column":6},"end":{"line":255,"column":7}},"125":{"start":{"line":225,"column":25},"end":{"line":230,"column":10}},"126":{"start":{"line":232,"column":8},"end":{"line":236,"column":9}},"127":{"start":{"line":233,"column":10},"end":{"line":233,"column":19}},"128":{"start":{"line":234,"column":10},"end":{"line":234,"column":48}},"129":{"start":{"line":235,"column":10},"end":{"line":235,"column":17}},"130":{"start":{"line":238,"column":8},"end":{"line":241,"column":9}},"131":{"start":{"line":239,"column":26},"end":{"line":239,"column":47}},"132":{"start":{"line":240,"column":10},"end":{"line":240,"column":73}},"133":{"start":{"line":243,"column":21},"end":{"line":243,"column":42}},"134":{"start":{"line":244,"column":8},"end":{"line":244,"column":27}},"135":{"start":{"line":246,"column":8},"end":{"line":246,"column":39}},"136":{"start":{"line":248,"column":8},"end":{"line":252,"column":9}},"137":{"start":{"line":249,"column":10},"end":{"line":249,"column":79}},"138":{"start":{"line":251,"column":10},"end":{"line":251,"column":64}},"139":{"start":{"line":254,"column":8},"end":{"line":254,"column":26}},"140":{"start":{"line":258,"column":4},"end":{"line":258,"column":26}},"141":{"start":{"line":260,"column":4},"end":{"line":263,"column":6}},"142":{"start":{"line":261,"column":6},"end":{"line":261,"column":30}},"143":{"start":{"line":262,"column":6},"end":{"line":262,"column":25}},"144":{"start":{"line":267,"column":2},"end":{"line":271,"column":38}},"145":{"start":{"line":268,"column":4},"end":{"line":270,"column":5}},"146":{"start":{"line":269,"column":6},"end":{"line":269,"column":41}},"147":{"start":{"line":273,"column":2},"end":{"line":275,"column":3}},"148":{"start":{"line":274,"column":4},"end":{"line":274,"column":16}},"149":{"start":{"line":277,"column":2},"end":{"line":279,"column":3}},"150":{"start":{"line":278,"column":4},"end":{"line":278,"column":78}},"151":{"start":{"line":281,"column":2},"end":{"line":288,"column":3}},"152":{"start":{"line":282,"column":4},"end":{"line":287,"column":6}},"153":{"start":{"line":285,"column":31},"end":{"line":285,"column":53}},"154":{"start":{"line":290,"column":2},"end":{"line":548,"column":4}},"155":{"start":{"line":300,"column":49},"end":{"line":300,"column":71}},"156":{"start":{"line":303,"column":53},"end":{"line":303,"column":85}},"157":{"start":{"line":304,"column":53},"end":{"line":304,"column":81}},"158":{"start":{"line":305,"column":53},"end":{"line":305,"column":84}},"159":{"start":{"line":306,"column":53},"end":{"line":306,"column":84}},"160":{"start":{"line":307,"column":53},"end":{"line":307,"column":73}},"161":{"start":{"line":311,"column":53},"end":{"line":311,"column":77}},"162":{"start":{"line":312,"column":53},"end":{"line":312,"column":73}},"163":{"start":{"line":323,"column":61},"end":{"line":323,"column":83}},"164":{"start":{"line":358,"column":37},"end":{"line":358,"column":112}},"165":{"start":{"line":358,"column":69},"end":{"line":358,"column":110}},"166":{"start":{"line":365,"column":24},"end":{"line":372,"column":33}},"167":{"start":{"line":368,"column":41},"end":{"line":368,"column":68}},"168":{"start":{"line":377,"column":37},"end":{"line":377,"column":112}},"169":{"start":{"line":377,"column":69},"end":{"line":377,"column":110}},"170":{"start":{"line":420,"column":18},"end":{"line":420,"column":45}},"171":{"start":{"line":437,"column":35},"end":{"line":437,"column":117}},"172":{"start":{"line":447,"column":35},"end":{"line":447,"column":117}},"173":{"start":{"line":455,"column":20},"end":{"line":457,"column":26}},"174":{"start":{"line":463,"column":20},"end":{"line":484,"column":29}},"175":{"start":{"line":473,"column":37},"end":{"line":473,"column":66}},"176":{"start":{"line":504,"column":22},"end":{"line":504,"column":49}},"177":{"start":{"line":505,"column":22},"end":{"line":505,"column":47}},"178":{"start":{"line":532,"column":29},"end":{"line":540,"column":16}}},"fnMap":{"0":{"name":"EquipmentDetail","decl":{"start":{"line":12,"column":9},"end":{"line":12,"column":24}},"loc":{"start":{"line":12,"column":27},"end":{"line":549,"column":1}},"line":12},"1":{"name":"(anonymous_1)","decl":{"start":{"line":27,"column":35},"end":{"line":27,"column":36}},"loc":{"start":{"line":27,"column":41},"end":{"line":30,"column":3}},"line":27},"2":{"name":"(anonymous_2)","decl":{"start":{"line":32,"column":38},"end":{"line":32,"column":39}},"loc":{"start":{"line":32,"column":50},"end":{"line":37,"column":3}},"line":32},"3":{"name":"(anonymous_3)","decl":{"start":{"line":36,"column":53},"end":{"line":36,"column":54}},"loc":{"start":{"line":36,"column":63},"end":{"line":36,"column":81}},"line":36},"4":{"name":"(anonymous_4)","decl":{"start":{"line":40,"column":41},"end":{"line":40,"column":42}},"loc":{"start":{"line":40,"column":66},"end":{"line":82,"column":3}},"line":40},"5":{"name":"(anonymous_5)","decl":{"start":{"line":61,"column":23},"end":{"line":61,"column":24}},"loc":{"start":{"line":61,"column":36},"end":{"line":75,"column":7}},"line":61},"6":{"name":"(anonymous_6)","decl":{"start":{"line":85,"column":25},"end":{"line":85,"column":26}},"loc":{"start":{"line":85,"column":35},"end":{"line":87,"column":3}},"line":85},"7":{"name":"(anonymous_7)","decl":{"start":{"line":89,"column":29},"end":{"line":89,"column":30}},"loc":{"start":{"line":89,"column":39},"end":{"line":91,"column":3}},"line":89},"8":{"name":"(anonymous_8)","decl":{"start":{"line":93,"column":25},"end":{"line":93,"column":26}},"loc":{"start":{"line":93,"column":35},"end":{"line":103,"column":3}},"line":93},"9":{"name":"(anonymous_9)","decl":{"start":{"line":95,"column":30},"end":{"line":95,"column":31}},"loc":{"start":{"line":95,"column":46},"end":{"line":102,"column":5}},"line":95},"10":{"name":"(anonymous_10)","decl":{"start":{"line":105,"column":25},"end":{"line":105,"column":26}},"loc":{"start":{"line":105,"column":35},"end":{"line":108,"column":3}},"line":105},"11":{"name":"(anonymous_11)","decl":{"start":{"line":110,"column":22},"end":{"line":110,"column":23}},"loc":{"start":{"line":110,"column":32},"end":{"line":117,"column":3}},"line":110},"12":{"name":"(anonymous_12)","decl":{"start":{"line":119,"column":20},"end":{"line":119,"column":21}},"loc":{"start":{"line":119,"column":30},"end":{"line":126,"column":3}},"line":119},"13":{"name":"(anonymous_13)","decl":{"start":{"line":128,"column":26},"end":{"line":128,"column":27}},"loc":{"start":{"line":128,"column":36},"end":{"line":144,"column":3}},"line":128},"14":{"name":"(anonymous_14)","decl":{"start":{"line":146,"column":31},"end":{"line":146,"column":32}},"loc":{"start":{"line":146,"column":37},"end":{"line":162,"column":3}},"line":146},"15":{"name":"(anonymous_15)","decl":{"start":{"line":165,"column":42},"end":{"line":165,"column":43}},"loc":{"start":{"line":165,"column":65},"end":{"line":202,"column":3}},"line":165},"16":{"name":"(anonymous_16)","decl":{"start":{"line":184,"column":43},"end":{"line":184,"column":44}},"loc":{"start":{"line":184,"column":56},"end":{"line":189,"column":9}},"line":184},"17":{"name":"(anonymous_17)","decl":{"start":{"line":204,"column":12},"end":{"line":204,"column":13}},"loc":{"start":{"line":204,"column":18},"end":{"line":264,"column":3}},"line":204},"18":{"name":"(anonymous_18)","decl":{"start":{"line":206,"column":33},"end":{"line":206,"column":34}},"loc":{"start":{"line":206,"column":39},"end":{"line":206,"column":57}},"line":206},"19":{"name":"(anonymous_19)","decl":{"start":{"line":208,"column":32},"end":{"line":208,"column":33}},"loc":{"start":{"line":208,"column":44},"end":{"line":256,"column":5}},"line":208},"20":{"name":"(anonymous_20)","decl":{"start":{"line":260,"column":11},"end":{"line":260,"column":12}},"loc":{"start":{"line":260,"column":17},"end":{"line":263,"column":5}},"line":260},"21":{"name":"(anonymous_21)","decl":{"start":{"line":267,"column":12},"end":{"line":267,"column":13}},"loc":{"start":{"line":267,"column":18},"end":{"line":271,"column":3}},"line":267},"22":{"name":"(anonymous_22)","decl":{"start":{"line":285,"column":25},"end":{"line":285,"column":26}},"loc":{"start":{"line":285,"column":31},"end":{"line":285,"column":53}},"line":285},"23":{"name":"(anonymous_23)","decl":{"start":{"line":300,"column":43},"end":{"line":300,"column":44}},"loc":{"start":{"line":300,"column":49},"end":{"line":300,"column":71}},"line":300},"24":{"name":"(anonymous_24)","decl":{"start":{"line":303,"column":47},"end":{"line":303,"column":48}},"loc":{"start":{"line":303,"column":53},"end":{"line":303,"column":85}},"line":303},"25":{"name":"(anonymous_25)","decl":{"start":{"line":304,"column":47},"end":{"line":304,"column":48}},"loc":{"start":{"line":304,"column":53},"end":{"line":304,"column":81}},"line":304},"26":{"name":"(anonymous_26)","decl":{"start":{"line":305,"column":47},"end":{"line":305,"column":48}},"loc":{"start":{"line":305,"column":53},"end":{"line":305,"column":84}},"line":305},"27":{"name":"(anonymous_27)","decl":{"start":{"line":306,"column":47},"end":{"line":306,"column":48}},"loc":{"start":{"line":306,"column":53},"end":{"line":306,"column":84}},"line":306},"28":{"name":"(anonymous_28)","decl":{"start":{"line":307,"column":47},"end":{"line":307,"column":48}},"loc":{"start":{"line":307,"column":53},"end":{"line":307,"column":73}},"line":307},"29":{"name":"(anonymous_29)","decl":{"start":{"line":311,"column":47},"end":{"line":311,"column":48}},"loc":{"start":{"line":311,"column":53},"end":{"line":311,"column":77}},"line":311},"30":{"name":"(anonymous_30)","decl":{"start":{"line":312,"column":47},"end":{"line":312,"column":48}},"loc":{"start":{"line":312,"column":53},"end":{"line":312,"column":73}},"line":312},"31":{"name":"(anonymous_31)","decl":{"start":{"line":323,"column":55},"end":{"line":323,"column":56}},"loc":{"start":{"line":323,"column":61},"end":{"line":323,"column":83}},"line":323},"32":{"name":"(anonymous_32)","decl":{"start":{"line":358,"column":31},"end":{"line":358,"column":32}},"loc":{"start":{"line":358,"column":37},"end":{"line":358,"column":112}},"line":358},"33":{"name":"(anonymous_33)","decl":{"start":{"line":358,"column":58},"end":{"line":358,"column":59}},"loc":{"start":{"line":358,"column":69},"end":{"line":358,"column":110}},"line":358},"34":{"name":"(anonymous_34)","decl":{"start":{"line":364,"column":34},"end":{"line":364,"column":35}},"loc":{"start":{"line":365,"column":24},"end":{"line":372,"column":33}},"line":365},"35":{"name":"(anonymous_35)","decl":{"start":{"line":368,"column":35},"end":{"line":368,"column":36}},"loc":{"start":{"line":368,"column":41},"end":{"line":368,"column":68}},"line":368},"36":{"name":"(anonymous_36)","decl":{"start":{"line":377,"column":31},"end":{"line":377,"column":32}},"loc":{"start":{"line":377,"column":37},"end":{"line":377,"column":112}},"line":377},"37":{"name":"(anonymous_37)","decl":{"start":{"line":377,"column":58},"end":{"line":377,"column":59}},"loc":{"start":{"line":377,"column":69},"end":{"line":377,"column":110}},"line":377},"38":{"name":"(anonymous_38)","decl":{"start":{"line":419,"column":95},"end":{"line":419,"column":96}},"loc":{"start":{"line":420,"column":18},"end":{"line":420,"column":45}},"line":420},"39":{"name":"(anonymous_39)","decl":{"start":{"line":437,"column":29},"end":{"line":437,"column":30}},"loc":{"start":{"line":437,"column":35},"end":{"line":437,"column":117}},"line":437},"40":{"name":"(anonymous_40)","decl":{"start":{"line":447,"column":29},"end":{"line":447,"column":30}},"loc":{"start":{"line":447,"column":35},"end":{"line":447,"column":117}},"line":447},"41":{"name":"(anonymous_41)","decl":{"start":{"line":454,"column":73},"end":{"line":454,"column":74}},"loc":{"start":{"line":455,"column":20},"end":{"line":457,"column":26}},"line":455},"42":{"name":"(anonymous_42)","decl":{"start":{"line":462,"column":46},"end":{"line":462,"column":47}},"loc":{"start":{"line":463,"column":20},"end":{"line":484,"column":29}},"line":463},"43":{"name":"(anonymous_43)","decl":{"start":{"line":473,"column":31},"end":{"line":473,"column":32}},"loc":{"start":{"line":473,"column":37},"end":{"line":473,"column":66}},"line":473},"44":{"name":"(anonymous_44)","decl":{"start":{"line":503,"column":29},"end":{"line":503,"column":30}},"loc":{"start":{"line":503,"column":35},"end":{"line":506,"column":21}},"line":503},"45":{"name":"(anonymous_45)","decl":{"start":{"line":532,"column":23},"end":{"line":532,"column":24}},"loc":{"start":{"line":532,"column":29},"end":{"line":540,"column":16}},"line":532}},"branchMap":{"0":{"loc":{"start":{"line":7,"column":16},"end":{"line":7,"column":81}},"type":"binary-expr","locations":[{"start":{"line":7,"column":16},"end":{"line":7,"column":50}},{"start":{"line":7,"column":54},"end":{"line":7,"column":81}}],"line":7},"1":{"loc":{"start":{"line":9,"column":28},"end":{"line":9,"column":75}},"type":"binary-expr","locations":[{"start":{"line":9,"column":28},"end":{"line":9,"column":69}},{"start":{"line":9,"column":73},"end":{"line":9,"column":75}}],"line":9},"2":{"loc":{"start":{"line":33,"column":4},"end":{"line":35,"column":5}},"type":"if","locations":[{"start":{"line":33,"column":4},"end":{"line":35,"column":5}},{"start":{},"end":{}}],"line":33},"3":{"loc":{"start":{"line":43,"column":6},"end":{"line":43,"column":43}},"type":"if","locations":[{"start":{"line":43,"column":6},"end":{"line":43,"column":43}},{"start":{},"end":{}}],"line":43},"4":{"loc":{"start":{"line":43,"column":10},"end":{"line":43,"column":34}},"type":"binary-expr","locations":[{"start":{"line":43,"column":10},"end":{"line":43,"column":16}},{"start":{"line":43,"column":20},"end":{"line":43,"column":34}}],"line":43},"5":{"loc":{"start":{"line":52,"column":6},"end":{"line":55,"column":7}},"type":"if","locations":[{"start":{"line":52,"column":6},"end":{"line":55,"column":7}},{"start":{},"end":{}}],"line":52},"6":{"loc":{"start":{"line":63,"column":8},"end":{"line":74,"column":9}},"type":"if","locations":[{"start":{"line":63,"column":8},"end":{"line":74,"column":9}},{"start":{},"end":{}}],"line":63},"7":{"loc":{"start":{"line":64,"column":10},"end":{"line":65,"column":75}},"type":"binary-expr","locations":[{"start":{"line":64,"column":10},"end":{"line":64,"column":49}},{"start":{"line":65,"column":11},"end":{"line":65,"column":40}},{"start":{"line":65,"column":44},"end":{"line":65,"column":74}}],"line":64},"8":{"loc":{"start":{"line":94,"column":4},"end":{"line":94,"column":28}},"type":"if","locations":[{"start":{"line":94,"column":4},"end":{"line":94,"column":28}},{"start":{},"end":{}}],"line":94},"9":{"loc":{"start":{"line":98,"column":8},"end":{"line":100,"column":50}},"type":"binary-expr","locations":[{"start":{"line":98,"column":8},"end":{"line":98,"column":42}},{"start":{"line":99,"column":8},"end":{"line":99,"column":44}},{"start":{"line":100,"column":8},"end":{"line":100,"column":50}}],"line":98},"10":{"loc":{"start":{"line":106,"column":4},"end":{"line":106,"column":70}},"type":"if","locations":[{"start":{"line":106,"column":4},"end":{"line":106,"column":70}},{"start":{},"end":{}}],"line":106},"11":{"loc":{"start":{"line":106,"column":8},"end":{"line":106,"column":55}},"type":"binary-expr","locations":[{"start":{"line":106,"column":8},"end":{"line":106,"column":13}},{"start":{"line":106,"column":17},"end":{"line":106,"column":35}},{"start":{"line":106,"column":39},"end":{"line":106,"column":55}}],"line":106},"12":{"loc":{"start":{"line":107,"column":11},"end":{"line":107,"column":63}},"type":"binary-expr","locations":[{"start":{"line":107,"column":11},"end":{"line":107,"column":36}},{"start":{"line":107,"column":40},"end":{"line":107,"column":63}}],"line":107},"13":{"loc":{"start":{"line":111,"column":4},"end":{"line":111,"column":50}},"type":"if","locations":[{"start":{"line":111,"column":4},"end":{"line":111,"column":50}},{"start":{},"end":{}}],"line":111},"14":{"loc":{"start":{"line":111,"column":8},"end":{"line":111,"column":35}},"type":"binary-expr","locations":[{"start":{"line":111,"column":8},"end":{"line":111,"column":13}},{"start":{"line":111,"column":17},"end":{"line":111,"column":35}}],"line":111},"15":{"loc":{"start":{"line":113,"column":6},"end":{"line":115,"column":60}},"type":"binary-expr","locations":[{"start":{"line":113,"column":6},"end":{"line":113,"column":52}},{"start":{"line":114,"column":6},"end":{"line":114,"column":54}},{"start":{"line":115,"column":6},"end":{"line":115,"column":60}}],"line":113},"16":{"loc":{"start":{"line":120,"column":4},"end":{"line":120,"column":48}},"type":"if","locations":[{"start":{"line":120,"column":4},"end":{"line":120,"column":48}},{"start":{},"end":{}}],"line":120},"17":{"loc":{"start":{"line":120,"column":8},"end":{"line":120,"column":33}},"type":"binary-expr","locations":[{"start":{"line":120,"column":8},"end":{"line":120,"column":13}},{"start":{"line":120,"column":17},"end":{"line":120,"column":33}}],"line":120},"18":{"loc":{"start":{"line":122,"column":6},"end":{"line":124,"column":58}},"type":"binary-expr","locations":[{"start":{"line":122,"column":6},"end":{"line":122,"column":50}},{"start":{"line":123,"column":6},"end":{"line":123,"column":52}},{"start":{"line":124,"column":6},"end":{"line":124,"column":58}}],"line":122},"19":{"loc":{"start":{"line":129,"column":4},"end":{"line":129,"column":37}},"type":"if","locations":[{"start":{"line":129,"column":4},"end":{"line":129,"column":37}},{"start":{},"end":{}}],"line":129},"20":{"loc":{"start":{"line":131,"column":4},"end":{"line":143,"column":5}},"type":"if","locations":[{"start":{"line":131,"column":4},"end":{"line":143,"column":5}},{"start":{"line":133,"column":11},"end":{"line":143,"column":5}}],"line":131},"21":{"loc":{"start":{"line":133,"column":11},"end":{"line":143,"column":5}},"type":"if","locations":[{"start":{"line":133,"column":11},"end":{"line":143,"column":5}},{"start":{"line":140,"column":11},"end":{"line":143,"column":5}}],"line":133},"22":{"loc":{"start":{"line":134,"column":6},"end":{"line":139,"column":7}},"type":"if","locations":[{"start":{"line":134,"column":6},"end":{"line":139,"column":7}},{"start":{"line":137,"column":13},"end":{"line":139,"column":7}}],"line":134},"23":{"loc":{"start":{"line":167,"column":4},"end":{"line":170,"column":5}},"type":"if","locations":[{"start":{"line":167,"column":4},"end":{"line":170,"column":5}},{"start":{},"end":{}}],"line":167},"24":{"loc":{"start":{"line":178,"column":6},"end":{"line":180,"column":7}},"type":"if","locations":[{"start":{"line":178,"column":6},"end":{"line":180,"column":7}},{"start":{},"end":{}}],"line":178},"25":{"loc":{"start":{"line":183,"column":6},"end":{"line":194,"column":7}},"type":"if","locations":[{"start":{"line":183,"column":6},"end":{"line":194,"column":7}},{"start":{"line":191,"column":13},"end":{"line":194,"column":7}}],"line":183},"26":{"loc":{"start":{"line":183,"column":10},"end":{"line":183,"column":49}},"type":"binary-expr","locations":[{"start":{"line":183,"column":10},"end":{"line":183,"column":22}},{"start":{"line":183,"column":26},"end":{"line":183,"column":49}}],"line":183},"27":{"loc":{"start":{"line":186,"column":15},"end":{"line":186,"column":52}},"type":"binary-expr","locations":[{"start":{"line":186,"column":15},"end":{"line":186,"column":37}},{"start":{"line":186,"column":41},"end":{"line":186,"column":52}}],"line":186},"28":{"loc":{"start":{"line":210,"column":6},"end":{"line":213,"column":7}},"type":"if","locations":[{"start":{"line":210,"column":6},"end":{"line":213,"column":7}},{"start":{},"end":{}}],"line":210},"29":{"loc":{"start":{"line":216,"column":6},"end":{"line":219,"column":7}},"type":"if","locations":[{"start":{"line":216,"column":6},"end":{"line":219,"column":7}},{"start":{},"end":{}}],"line":216},"30":{"loc":{"start":{"line":232,"column":8},"end":{"line":236,"column":9}},"type":"if","locations":[{"start":{"line":232,"column":8},"end":{"line":236,"column":9}},{"start":{},"end":{}}],"line":232},"31":{"loc":{"start":{"line":238,"column":8},"end":{"line":241,"column":9}},"type":"if","locations":[{"start":{"line":238,"column":8},"end":{"line":241,"column":9}},{"start":{},"end":{}}],"line":238},"32":{"loc":{"start":{"line":240,"column":26},"end":{"line":240,"column":71}},"type":"binary-expr","locations":[{"start":{"line":240,"column":26},"end":{"line":240,"column":33}},{"start":{"line":240,"column":37},"end":{"line":240,"column":71}}],"line":240},"33":{"loc":{"start":{"line":248,"column":8},"end":{"line":252,"column":9}},"type":"if","locations":[{"start":{"line":248,"column":8},"end":{"line":252,"column":9}},{"start":{"line":250,"column":15},"end":{"line":252,"column":9}}],"line":248},"34":{"loc":{"start":{"line":251,"column":19},"end":{"line":251,"column":62}},"type":"binary-expr","locations":[{"start":{"line":251,"column":19},"end":{"line":251,"column":30}},{"start":{"line":251,"column":34},"end":{"line":251,"column":62}}],"line":251},"35":{"loc":{"start":{"line":268,"column":4},"end":{"line":270,"column":5}},"type":"if","locations":[{"start":{"line":268,"column":4},"end":{"line":270,"column":5}},{"start":{},"end":{}}],"line":268},"36":{"loc":{"start":{"line":268,"column":8},"end":{"line":268,"column":35}},"type":"binary-expr","locations":[{"start":{"line":268,"column":8},"end":{"line":268,"column":17}},{"start":{"line":268,"column":21},"end":{"line":268,"column":35}}],"line":268},"37":{"loc":{"start":{"line":273,"column":2},"end":{"line":275,"column":3}},"type":"if","locations":[{"start":{"line":273,"column":2},"end":{"line":275,"column":3}},{"start":{},"end":{}}],"line":273},"38":{"loc":{"start":{"line":277,"column":2},"end":{"line":279,"column":3}},"type":"if","locations":[{"start":{"line":277,"column":2},"end":{"line":279,"column":3}},{"start":{},"end":{}}],"line":277},"39":{"loc":{"start":{"line":281,"column":2},"end":{"line":288,"column":3}},"type":"if","locations":[{"start":{"line":281,"column":2},"end":{"line":288,"column":3}},{"start":{},"end":{}}],"line":281},"40":{"loc":{"start":{"line":284,"column":12},"end":{"line":284,"column":42}},"type":"binary-expr","locations":[{"start":{"line":284,"column":12},"end":{"line":284,"column":17}},{"start":{"line":284,"column":21},"end":{"line":284,"column":42}}],"line":284},"41":{"loc":{"start":{"line":301,"column":13},"end":{"line":314,"column":13}},"type":"cond-expr","locations":[{"start":{"line":302,"column":14},"end":{"line":308,"column":17}},{"start":{"line":310,"column":14},"end":{"line":313,"column":17}}],"line":301},"42":{"loc":{"start":{"line":334,"column":13},"end":{"line":389,"column":13}},"type":"cond-expr","locations":[{"start":{"line":335,"column":14},"end":{"line":384,"column":20}},{"start":{"line":386,"column":14},"end":{"line":388,"column":20}}],"line":334},"43":{"loc":{"start":{"line":354,"column":17},"end":{"line":383,"column":17}},"type":"binary-expr","locations":[{"start":{"line":354,"column":17},"end":{"line":354,"column":34}},{"start":{"line":355,"column":18},"end":{"line":382,"column":24}}],"line":354},"44":{"loc":{"start":{"line":358,"column":69},"end":{"line":358,"column":110}},"type":"cond-expr","locations":[{"start":{"line":358,"column":82},"end":{"line":358,"column":99}},{"start":{"line":358,"column":102},"end":{"line":358,"column":110}}],"line":358},"45":{"loc":{"start":{"line":367,"column":50},"end":{"line":367,"column":93}},"type":"cond-expr","locations":[{"start":{"line":367,"column":80},"end":{"line":367,"column":88}},{"start":{"line":367,"column":91},"end":{"line":367,"column":93}}],"line":367},"46":{"loc":{"start":{"line":377,"column":69},"end":{"line":377,"column":110}},"type":"cond-expr","locations":[{"start":{"line":377,"column":98},"end":{"line":377,"column":99}},{"start":{"line":377,"column":102},"end":{"line":377,"column":110}}],"line":377},"47":{"loc":{"start":{"line":394,"column":52},"end":{"line":394,"column":109}},"type":"cond-expr","locations":[{"start":{"line":394,"column":87},"end":{"line":394,"column":98}},{"start":{"line":394,"column":101},"end":{"line":394,"column":109}}],"line":394},"48":{"loc":{"start":{"line":401,"column":15},"end":{"line":403,"column":54}},"type":"cond-expr","locations":[{"start":{"line":402,"column":18},"end":{"line":402,"column":61}},{"start":{"line":403,"column":18},"end":{"line":403,"column":54}}],"line":401},"49":{"loc":{"start":{"line":419,"column":18},"end":{"line":419,"column":89}},"type":"cond-expr","locations":[{"start":{"line":419,"column":60},"end":{"line":419,"column":84}},{"start":{"line":419,"column":87},"end":{"line":419,"column":89}}],"line":419},"50":{"loc":{"start":{"line":467,"column":24},"end":{"line":467,"column":44}},"type":"cond-expr","locations":[{"start":{"line":467,"column":32},"end":{"line":467,"column":39}},{"start":{"line":467,"column":42},"end":{"line":467,"column":44}}],"line":467},"51":{"loc":{"start":{"line":468,"column":26},"end":{"line":468,"column":64}},"type":"cond-expr","locations":[{"start":{"line":468,"column":49},"end":{"line":468,"column":59}},{"start":{"line":468,"column":62},"end":{"line":468,"column":64}}],"line":468},"52":{"loc":{"start":{"line":469,"column":24},"end":{"line":469,"column":61}},"type":"cond-expr","locations":[{"start":{"line":469,"column":44},"end":{"line":469,"column":56}},{"start":{"line":469,"column":59},"end":{"line":469,"column":61}}],"line":469},"53":{"loc":{"start":{"line":470,"column":26},"end":{"line":470,"column":59}},"type":"cond-expr","locations":[{"start":{"line":470,"column":44},"end":{"line":470,"column":54}},{"start":{"line":470,"column":57},"end":{"line":470,"column":59}}],"line":470},"54":{"loc":{"start":{"line":471,"column":24},"end":{"line":471,"column":62}},"type":"cond-expr","locations":[{"start":{"line":471,"column":47},"end":{"line":471,"column":57}},{"start":{"line":471,"column":60},"end":{"line":471,"column":62}}],"line":471},"55":{"loc":{"start":{"line":473,"column":37},"end":{"line":473,"column":66}},"type":"binary-expr","locations":[{"start":{"line":473,"column":37},"end":{"line":473,"column":41}},{"start":{"line":473,"column":45},"end":{"line":473,"column":66}}],"line":473},"56":{"loc":{"start":{"line":474,"column":32},"end":{"line":474,"column":61}},"type":"binary-expr","locations":[{"start":{"line":474,"column":32},"end":{"line":474,"column":37}},{"start":{"line":474,"column":41},"end":{"line":474,"column":61}}],"line":474},"57":{"loc":{"start":{"line":476,"column":24},"end":{"line":480,"column":30}},"type":"cond-expr","locations":[{"start":{"line":477,"column":28},"end":{"line":479,"column":55}},{"start":{"line":480,"column":28},"end":{"line":480,"column":30}}],"line":476},"58":{"loc":{"start":{"line":477,"column":28},"end":{"line":479,"column":55}},"type":"cond-expr","locations":[{"start":{"line":478,"column":30},"end":{"line":478,"column":45}},{"start":{"line":479,"column":30},"end":{"line":479,"column":55}}],"line":477},"59":{"loc":{"start":{"line":483,"column":23},"end":{"line":483,"column":49}},"type":"cond-expr","locations":[{"start":{"line":483,"column":30},"end":{"line":483,"column":44}},{"start":{"line":483,"column":47},"end":{"line":483,"column":49}}],"line":483},"60":{"loc":{"start":{"line":489,"column":15},"end":{"line":511,"column":15}},"type":"binary-expr","locations":[{"start":{"line":489,"column":15},"end":{"line":489,"column":32}},{"start":{"line":490,"column":16},"end":{"line":510,"column":22}}],"line":489},"61":{"loc":{"start":{"line":493,"column":21},"end":{"line":493,"column":85}},"type":"binary-expr","locations":[{"start":{"line":493,"column":21},"end":{"line":493,"column":36}},{"start":{"line":493,"column":40},"end":{"line":493,"column":85}}],"line":493},"62":{"loc":{"start":{"line":495,"column":19},"end":{"line":499,"column":19}},"type":"binary-expr","locations":[{"start":{"line":495,"column":19},"end":{"line":495,"column":34}},{"start":{"line":496,"column":20},"end":{"line":498,"column":24}}],"line":495},"63":{"loc":{"start":{"line":537,"column":30},"end":{"line":537,"column":100}},"type":"cond-expr","locations":[{"start":{"line":537,"column":50},"end":{"line":537,"column":95}},{"start":{"line":537,"column":98},"end":{"line":537,"column":100}}],"line":537},"64":{"loc":{"start":{"line":538,"column":30},"end":{"line":538,"column":96}},"type":"cond-expr","locations":[{"start":{"line":538,"column":48},"end":{"line":538,"column":91}},{"start":{"line":538,"column":94},"end":{"line":538,"column":96}}],"line":538}},"s":{"0":0,"1":0,"2":0,"3":0,"4":0,"5":0,"6":0,"7":0,"8":0,"9":0,"10":0,"11":0,"12":0,"13":0,"14":0,"15":0,"16":0,"17":0,"18":0,"19":0,"20":0,"21":0,"22":0,"23":0,"24":0,"25":0,"26":0,"27":0,"28":0,"29":0,"30":0,"31":0,"32":0,"33":0,"34":0,"35":0,"36":0,"37":0,"38":0,"39":0,"40":0,"41":0,"42":0,"43":0,"44":0,"45":0,"46":0,"47":0,"48":0,"49":0,"50":0,"51":0,"52":0,"53":0,"54":0,"55":0,"56":0,"57":0,"58":0,"59":0,"60":0,"61":0,"62":0,"63":0,"64":0,"65":0,"66":0,"67":0,"68":0,"69":0,"70":0,"71":0,"72":0,"73":0,"74":0,"75":0,"76":0,"77":0,"78":0,"79":0,"80":0,"81":0,"82":0,"83":0,"84":0,"85":0,"86":0,"87":0,"88":0,"89":0,"90":0,"91":0,"92":0,"93":0,"94":0,"95":0,"96":0,"97":0,"98":0,"99":0,"100":0,"101":0,"102":0,"103":0,"104":0,"105":0,"106":0,"107":0,"108":0,"109":0,"110":0,"111":0,"112":0,"113":0,"114":0,"115":0,"116":0,"117":0,"118":0,"119":0,"120":0,"121":0,"122":0,"123":0,"124":0,"125":0,"126":0,"127":0,"128":0,"129":0,"130":0,"131":0,"132":0,"133":0,"134":0,"135":0,"136":0,"137":0,"138":0,"139":0,"140":0,"141":0,"142":0,"143":0,"144":0,"145":0,"146":0,"147":0,"148":0,"149":0,"150":0,"151":0,"152":0,"153":0,"154":0,"155":0,"156":0,"157":0,"158":0,"159":0,"160":0,"161":0,"162":0,"163":0,"164":0,"165":0,"166":0,"167":0,"168":0,"169":0,"170":0,"171":0,"172":0,"173":0,"174":0,"175":0,"176":0,"177":0,"178":0},"f":{"0":0,"1":0,"2":0,"3":0,"4":0,"5":0,"6":0,"7":0,"8":0,"9":0,"10":0,"11":0,"12":0,"13":0,"14":0,"15":0,"16":0,"17":0,"18":0,"19":0,"20":0,"21":0,"22":0,"23":0,"24":0,"25":0,"26":0,"27":0,"28":0,"29":0,"30":0,"31":0,"32":0,"33":0,"34":0,"35":0,"36":0,"37":0,"38":0,"39":0,"40":0,"41":0,"42":0,"43":0,"44":0,"45":0},"b":{"0":[0,0],"1":[0,0],"2":[0,0],"3":[0,0],"4":[0,0],"5":[0,0],"6":[0,0],"7":[0,0,0],"8":[0,0],"9":[0,0,0],"10":[0,0],"11":[0,0,0],"12":[0,0],"13":[0,0],"14":[0,0],"15":[0,0,0],"16":[0,0],"17":[0,0],"18":[0,0,0],"19":[0,0],"20":[0,0],"21":[0,0],"22":[0,0],"23":[0,0],"24":[0,0],"25":[0,0],"26":[0,0],"27":[0,0],"28":[0,0],"29":[0,0],"30":[0,0],"31":[0,0],"32":[0,0],"33":[0,0],"34":[0,0],"35":[0,0],"36":[0,0],"37":[0,0],"38":[0,0],"39":[0,0],"40":[0,0],"41":[0,0],"42":[0,0],"43":[0,0],"44":[0,0],"45":[0,0],"46":[0,0],"47":[0,0],"48":[0,0],"49":[0,0],"50":[0,0],"51":[0,0],"52":[0,0],"53":[0,0],"54":[0,0],"55":[0,0],"56":[0,0],"57":[0,0],"58":[0,0],"59":[0,0],"60":[0,0],"61":[0,0],"62":[0,0],"63":[0,0],"64":[0,0]}}
,"C:\\Users\\Liezel Ybanez\\IT342_UniGear-Tracker_G4_Ybanez\\web\\src\\components\\HomepageCatalog.jsx": {"path":"C:\\Users\\Liezel Ybanez\\IT342_UniGear-Tracker_G4_Ybanez\\web\\src\\components\\HomepageCatalog.jsx","statementMap":{"0":{"start":{"line":7,"column":16},"end":{"line":7,"column":81}},"1":{"start":{"line":10,"column":19},"end":{"line":10,"column":32}},"2":{"start":{"line":11,"column":22},"end":{"line":11,"column":38}},"3":{"start":{"line":12,"column":18},"end":{"line":12,"column":47}},"4":{"start":{"line":13,"column":40},"end":{"line":13,"column":52}},"5":{"start":{"line":14,"column":50},"end":{"line":14,"column":65}},"6":{"start":{"line":15,"column":36},"end":{"line":15,"column":48}},"7":{"start":{"line":16,"column":32},"end":{"line":16,"column":46}},"8":{"start":{"line":17,"column":28},"end":{"line":17,"column":40}},"9":{"start":{"line":19,"column":2},"end":{"line":58,"column":17}},"10":{"start":{"line":20,"column":26},"end":{"line":55,"column":5}},"11":{"start":{"line":21,"column":20},"end":{"line":21,"column":49}},"12":{"start":{"line":22,"column":6},"end":{"line":25,"column":7}},"13":{"start":{"line":23,"column":8},"end":{"line":23,"column":46}},"14":{"start":{"line":24,"column":8},"end":{"line":24,"column":15}},"15":{"start":{"line":27,"column":6},"end":{"line":27,"column":23}},"16":{"start":{"line":28,"column":6},"end":{"line":28,"column":19}},"17":{"start":{"line":30,"column":6},"end":{"line":54,"column":7}},"18":{"start":{"line":31,"column":25},"end":{"line":35,"column":10}},"19":{"start":{"line":37,"column":8},"end":{"line":41,"column":9}},"20":{"start":{"line":38,"column":10},"end":{"line":38,"column":19}},"21":{"start":{"line":39,"column":10},"end":{"line":39,"column":48}},"22":{"start":{"line":40,"column":10},"end":{"line":40,"column":17}},"23":{"start":{"line":43,"column":8},"end":{"line":46,"column":9}},"24":{"start":{"line":44,"column":26},"end":{"line":44,"column":47}},"25":{"start":{"line":45,"column":10},"end":{"line":45,"column":65}},"26":{"start":{"line":48,"column":21},"end":{"line":48,"column":42}},"27":{"start":{"line":49,"column":8},"end":{"line":49,"column":54}},"28":{"start":{"line":51,"column":8},"end":{"line":51,"column":62}},"29":{"start":{"line":53,"column":8},"end":{"line":53,"column":26}},"30":{"start":{"line":57,"column":4},"end":{"line":57,"column":20}},"31":{"start":{"line":60,"column":23},"end":{"line":63,"column":3}},"32":{"start":{"line":61,"column":4},"end":{"line":61,"column":13}},"33":{"start":{"line":62,"column":4},"end":{"line":62,"column":23}},"34":{"start":{"line":65,"column":21},"end":{"line":68,"column":3}},"35":{"start":{"line":67,"column":50},"end":{"line":67,"column":63}},"36":{"start":{"line":67,"column":82},"end":{"line":67,"column":100}},"37":{"start":{"line":70,"column":26},"end":{"line":75,"column":3}},"38":{"start":{"line":71,"column":4},"end":{"line":73,"column":5}},"39":{"start":{"line":72,"column":6},"end":{"line":72,"column":23}},"40":{"start":{"line":74,"column":4},"end":{"line":74,"column":83}},"41":{"start":{"line":74,"column":63},"end":{"line":74,"column":81}},"42":{"start":{"line":78,"column":28},"end":{"line":84,"column":4}},"43":{"start":{"line":79,"column":26},"end":{"line":80,"column":88}},"44":{"start":{"line":81,"column":28},"end":{"line":82,"column":89}},"45":{"start":{"line":83,"column":4},"end":{"line":83,"column":44}},"46":{"start":{"line":86,"column":2},"end":{"line":88,"column":3}},"47":{"start":{"line":87,"column":4},"end":{"line":87,"column":70}},"48":{"start":{"line":90,"column":2},"end":{"line":214,"column":4}},"49":{"start":{"line":100,"column":35},"end":{"line":100,"column":57}},"50":{"start":{"line":103,"column":39},"end":{"line":103,"column":71}},"51":{"start":{"line":104,"column":39},"end":{"line":104,"column":67}},"52":{"start":{"line":105,"column":39},"end":{"line":105,"column":70}},"53":{"start":{"line":106,"column":39},"end":{"line":106,"column":70}},"54":{"start":{"line":107,"column":39},"end":{"line":107,"column":59}},"55":{"start":{"line":111,"column":39},"end":{"line":111,"column":63}},"56":{"start":{"line":112,"column":39},"end":{"line":112,"column":59}},"57":{"start":{"line":134,"column":33},"end":{"line":134,"column":63}},"58":{"start":{"line":146,"column":66},"end":{"line":146,"column":115}},"59":{"start":{"line":147,"column":66},"end":{"line":147,"column":90}},"60":{"start":{"line":148,"column":66},"end":{"line":148,"column":90}},"61":{"start":{"line":172,"column":14},"end":{"line":178,"column":23}},"62":{"start":{"line":175,"column":31},"end":{"line":175,"column":74}},"63":{"start":{"line":187,"column":14},"end":{"line":204,"column":20}},"64":{"start":{"line":190,"column":31},"end":{"line":190,"column":64}}},"fnMap":{"0":{"name":"HomepageCatalog","decl":{"start":{"line":9,"column":9},"end":{"line":9,"column":24}},"loc":{"start":{"line":9,"column":27},"end":{"line":215,"column":1}},"line":9},"1":{"name":"(anonymous_1)","decl":{"start":{"line":19,"column":12},"end":{"line":19,"column":13}},"loc":{"start":{"line":19,"column":18},"end":{"line":58,"column":3}},"line":19},"2":{"name":"(anonymous_2)","decl":{"start":{"line":20,"column":26},"end":{"line":20,"column":27}},"loc":{"start":{"line":20,"column":38},"end":{"line":55,"column":5}},"line":20},"3":{"name":"(anonymous_3)","decl":{"start":{"line":60,"column":23},"end":{"line":60,"column":24}},"loc":{"start":{"line":60,"column":29},"end":{"line":63,"column":3}},"line":60},"4":{"name":"(anonymous_4)","decl":{"start":{"line":67,"column":40},"end":{"line":67,"column":41}},"loc":{"start":{"line":67,"column":50},"end":{"line":67,"column":63}},"line":67},"5":{"name":"(anonymous_5)","decl":{"start":{"line":67,"column":72},"end":{"line":67,"column":73}},"loc":{"start":{"line":67,"column":82},"end":{"line":67,"column":100}},"line":67},"6":{"name":"(anonymous_6)","decl":{"start":{"line":70,"column":26},"end":{"line":70,"column":27}},"loc":{"start":{"line":70,"column":38},"end":{"line":75,"column":3}},"line":70},"7":{"name":"(anonymous_7)","decl":{"start":{"line":74,"column":53},"end":{"line":74,"column":54}},"loc":{"start":{"line":74,"column":63},"end":{"line":74,"column":81}},"line":74},"8":{"name":"(anonymous_8)","decl":{"start":{"line":78,"column":45},"end":{"line":78,"column":46}},"loc":{"start":{"line":78,"column":55},"end":{"line":84,"column":3}},"line":78},"9":{"name":"(anonymous_9)","decl":{"start":{"line":100,"column":29},"end":{"line":100,"column":30}},"loc":{"start":{"line":100,"column":35},"end":{"line":100,"column":57}},"line":100},"10":{"name":"(anonymous_10)","decl":{"start":{"line":103,"column":33},"end":{"line":103,"column":34}},"loc":{"start":{"line":103,"column":39},"end":{"line":103,"column":71}},"line":103},"11":{"name":"(anonymous_11)","decl":{"start":{"line":104,"column":33},"end":{"line":104,"column":34}},"loc":{"start":{"line":104,"column":39},"end":{"line":104,"column":67}},"line":104},"12":{"name":"(anonymous_12)","decl":{"start":{"line":105,"column":33},"end":{"line":105,"column":34}},"loc":{"start":{"line":105,"column":39},"end":{"line":105,"column":70}},"line":105},"13":{"name":"(anonymous_13)","decl":{"start":{"line":106,"column":33},"end":{"line":106,"column":34}},"loc":{"start":{"line":106,"column":39},"end":{"line":106,"column":70}},"line":106},"14":{"name":"(anonymous_14)","decl":{"start":{"line":107,"column":33},"end":{"line":107,"column":34}},"loc":{"start":{"line":107,"column":39},"end":{"line":107,"column":59}},"line":107},"15":{"name":"(anonymous_15)","decl":{"start":{"line":111,"column":33},"end":{"line":111,"column":34}},"loc":{"start":{"line":111,"column":39},"end":{"line":111,"column":63}},"line":111},"16":{"name":"(anonymous_16)","decl":{"start":{"line":112,"column":33},"end":{"line":112,"column":34}},"loc":{"start":{"line":112,"column":39},"end":{"line":112,"column":59}},"line":112},"17":{"name":"(anonymous_17)","decl":{"start":{"line":134,"column":26},"end":{"line":134,"column":27}},"loc":{"start":{"line":134,"column":33},"end":{"line":134,"column":63}},"line":134},"18":{"name":"(anonymous_18)","decl":{"start":{"line":146,"column":60},"end":{"line":146,"column":61}},"loc":{"start":{"line":146,"column":66},"end":{"line":146,"column":115}},"line":146},"19":{"name":"(anonymous_19)","decl":{"start":{"line":147,"column":60},"end":{"line":147,"column":61}},"loc":{"start":{"line":147,"column":66},"end":{"line":147,"column":90}},"line":147},"20":{"name":"(anonymous_20)","decl":{"start":{"line":148,"column":60},"end":{"line":148,"column":61}},"loc":{"start":{"line":148,"column":66},"end":{"line":148,"column":90}},"line":148},"21":{"name":"(anonymous_21)","decl":{"start":{"line":171,"column":28},"end":{"line":171,"column":29}},"loc":{"start":{"line":172,"column":14},"end":{"line":178,"column":23}},"line":172},"22":{"name":"(anonymous_22)","decl":{"start":{"line":175,"column":25},"end":{"line":175,"column":26}},"loc":{"start":{"line":175,"column":31},"end":{"line":175,"column":74}},"line":175},"23":{"name":"(anonymous_23)","decl":{"start":{"line":186,"column":34},"end":{"line":186,"column":35}},"loc":{"start":{"line":187,"column":14},"end":{"line":204,"column":20}},"line":187},"24":{"name":"(anonymous_24)","decl":{"start":{"line":190,"column":25},"end":{"line":190,"column":26}},"loc":{"start":{"line":190,"column":31},"end":{"line":190,"column":64}},"line":190}},"branchMap":{"0":{"loc":{"start":{"line":7,"column":16},"end":{"line":7,"column":81}},"type":"binary-expr","locations":[{"start":{"line":7,"column":16},"end":{"line":7,"column":50}},{"start":{"line":7,"column":54},"end":{"line":7,"column":81}}],"line":7},"1":{"loc":{"start":{"line":22,"column":6},"end":{"line":25,"column":7}},"type":"if","locations":[{"start":{"line":22,"column":6},"end":{"line":25,"column":7}},{"start":{},"end":{}}],"line":22},"2":{"loc":{"start":{"line":37,"column":8},"end":{"line":41,"column":9}},"type":"if","locations":[{"start":{"line":37,"column":8},"end":{"line":41,"column":9}},{"start":{},"end":{}}],"line":37},"3":{"loc":{"start":{"line":43,"column":8},"end":{"line":46,"column":9}},"type":"if","locations":[{"start":{"line":43,"column":8},"end":{"line":46,"column":9}},{"start":{},"end":{}}],"line":43},"4":{"loc":{"start":{"line":45,"column":26},"end":{"line":45,"column":63}},"type":"binary-expr","locations":[{"start":{"line":45,"column":26},"end":{"line":45,"column":33}},{"start":{"line":45,"column":37},"end":{"line":45,"column":63}}],"line":45},"5":{"loc":{"start":{"line":49,"column":21},"end":{"line":49,"column":52}},"type":"cond-expr","locations":[{"start":{"line":49,"column":43},"end":{"line":49,"column":47}},{"start":{"line":49,"column":50},"end":{"line":49,"column":52}}],"line":49},"6":{"loc":{"start":{"line":51,"column":17},"end":{"line":51,"column":60}},"type":"binary-expr","locations":[{"start":{"line":51,"column":17},"end":{"line":51,"column":28}},{"start":{"line":51,"column":32},"end":{"line":51,"column":60}}],"line":51},"7":{"loc":{"start":{"line":71,"column":4},"end":{"line":73,"column":5}},"type":"if","locations":[{"start":{"line":71,"column":4},"end":{"line":73,"column":5}},{"start":{},"end":{}}],"line":71},"8":{"loc":{"start":{"line":79,"column":26},"end":{"line":80,"column":88}},"type":"binary-expr","locations":[{"start":{"line":79,"column":26},"end":{"line":79,"column":85}},{"start":{"line":80,"column":25},"end":{"line":80,"column":88}}],"line":79},"9":{"loc":{"start":{"line":81,"column":28},"end":{"line":82,"column":89}},"type":"binary-expr","locations":[{"start":{"line":81,"column":28},"end":{"line":81,"column":54}},{"start":{"line":82,"column":27},"end":{"line":82,"column":89}}],"line":81},"10":{"loc":{"start":{"line":83,"column":11},"end":{"line":83,"column":43}},"type":"binary-expr","locations":[{"start":{"line":83,"column":11},"end":{"line":83,"column":24}},{"start":{"line":83,"column":28},"end":{"line":83,"column":43}}],"line":83},"11":{"loc":{"start":{"line":86,"column":2},"end":{"line":88,"column":3}},"type":"if","locations":[{"start":{"line":86,"column":2},"end":{"line":88,"column":3}},{"start":{},"end":{}}],"line":86},"12":{"loc":{"start":{"line":101,"column":13},"end":{"line":114,"column":13}},"type":"cond-expr","locations":[{"start":{"line":102,"column":14},"end":{"line":108,"column":17}},{"start":{"line":110,"column":14},"end":{"line":113,"column":17}}],"line":101},"13":{"loc":{"start":{"line":160,"column":9},"end":{"line":160,"column":68}},"type":"binary-expr","locations":[{"start":{"line":160,"column":9},"end":{"line":160,"column":14}},{"start":{"line":160,"column":18},"end":{"line":160,"column":68}}],"line":160},"14":{"loc":{"start":{"line":174,"column":43},"end":{"line":174,"column":102}},"type":"cond-expr","locations":[{"start":{"line":174,"column":89},"end":{"line":174,"column":97}},{"start":{"line":174,"column":100},"end":{"line":174,"column":102}}],"line":174},"15":{"loc":{"start":{"line":185,"column":11},"end":{"line":210,"column":11}},"type":"cond-expr","locations":[{"start":{"line":186,"column":12},"end":{"line":205,"column":14}},{"start":{"line":207,"column":12},"end":{"line":209,"column":18}}],"line":185},"16":{"loc":{"start":{"line":200,"column":55},"end":{"line":200,"column":107}},"type":"cond-expr","locations":[{"start":{"line":200,"column":85},"end":{"line":200,"column":96}},{"start":{"line":200,"column":99},"end":{"line":200,"column":107}}],"line":200}},"s":{"0":0,"1":0,"2":0,"3":0,"4":0,"5":0,"6":0,"7":0,"8":0,"9":0,"10":0,"11":0,"12":0,"13":0,"14":0,"15":0,"16":0,"17":0,"18":0,"19":0,"20":0,"21":0,"22":0,"23":0,"24":0,"25":0,"26":0,"27":0,"28":0,"29":0,"30":0,"31":0,"32":0,"33":0,"34":0,"35":0,"36":0,"37":0,"38":0,"39":0,"40":0,"41":0,"42":0,"43":0,"44":0,"45":0,"46":0,"47":0,"48":0,"49":0,"50":0,"51":0,"52":0,"53":0,"54":0,"55":0,"56":0,"57":0,"58":0,"59":0,"60":0,"61":0,"62":0,"63":0,"64":0},"f":{"0":0,"1":0,"2":0,"3":0,"4":0,"5":0,"6":0,"7":0,"8":0,"9":0,"10":0,"11":0,"12":0,"13":0,"14":0,"15":0,"16":0,"17":0,"18":0,"19":0,"20":0,"21":0,"22":0,"23":0,"24":0},"b":{"0":[0,0],"1":[0,0],"2":[0,0],"3":[0,0],"4":[0,0],"5":[0,0],"6":[0,0],"7":[0,0],"8":[0,0],"9":[0,0],"10":[0,0],"11":[0,0],"12":[0,0],"13":[0,0],"14":[0,0],"15":[0,0],"16":[0,0]}}
,"C:\\Users\\Liezel Ybanez\\IT342_UniGear-Tracker_G4_Ybanez\\web\\src\\components\\Login.jsx": {"path":"C:\\Users\\Liezel Ybanez\\IT342_UniGear-Tracker_G4_Ybanez\\web\\src\\components\\Login.jsx","statementMap":{"0":{"start":{"line":8,"column":19},"end":{"line":8,"column":32}},"1":{"start":{"line":9,"column":34},"end":{"line":12,"column":4}},"2":{"start":{"line":13,"column":30},"end":{"line":13,"column":42}},"3":{"start":{"line":14,"column":32},"end":{"line":14,"column":47}},"4":{"start":{"line":16,"column":23},"end":{"line":29,"column":3}},"5":{"start":{"line":17,"column":28},"end":{"line":17,"column":36}},"6":{"start":{"line":18,"column":4},"end":{"line":21,"column":8}},"7":{"start":{"line":18,"column":25},"end":{"line":21,"column":5}},"8":{"start":{"line":23,"column":4},"end":{"line":28,"column":5}},"9":{"start":{"line":24,"column":6},"end":{"line":27,"column":10}},"10":{"start":{"line":24,"column":25},"end":{"line":27,"column":7}},"11":{"start":{"line":31,"column":23},"end":{"line":47,"column":3}},"12":{"start":{"line":32,"column":22},"end":{"line":32,"column":24}},"13":{"start":{"line":35,"column":4},"end":{"line":39,"column":5}},"14":{"start":{"line":36,"column":6},"end":{"line":36,"column":44}},"15":{"start":{"line":37,"column":11},"end":{"line":39,"column":5}},"16":{"start":{"line":38,"column":6},"end":{"line":38,"column":43}},"17":{"start":{"line":42,"column":4},"end":{"line":44,"column":5}},"18":{"start":{"line":43,"column":6},"end":{"line":43,"column":50}},"19":{"start":{"line":46,"column":4},"end":{"line":46,"column":21}},"20":{"start":{"line":49,"column":23},"end":{"line":77,"column":3}},"21":{"start":{"line":50,"column":4},"end":{"line":50,"column":23}},"22":{"start":{"line":53,"column":22},"end":{"line":53,"column":36}},"23":{"start":{"line":54,"column":4},"end":{"line":57,"column":5}},"24":{"start":{"line":55,"column":6},"end":{"line":55,"column":27}},"25":{"start":{"line":56,"column":6},"end":{"line":56,"column":13}},"26":{"start":{"line":59,"column":4},"end":{"line":59,"column":21}},"27":{"start":{"line":60,"column":4},"end":{"line":60,"column":18}},"28":{"start":{"line":63,"column":19},"end":{"line":63,"column":65}},"29":{"start":{"line":65,"column":4},"end":{"line":65,"column":22}},"30":{"start":{"line":67,"column":4},"end":{"line":76,"column":5}},"31":{"start":{"line":68,"column":19},"end":{"line":68,"column":36}},"32":{"start":{"line":69,"column":6},"end":{"line":73,"column":7}},"33":{"start":{"line":70,"column":8},"end":{"line":70,"column":40}},"34":{"start":{"line":72,"column":8},"end":{"line":72,"column":31}},"35":{"start":{"line":75,"column":6},"end":{"line":75,"column":43}},"36":{"start":{"line":79,"column":28},"end":{"line":81,"column":3}},"37":{"start":{"line":80,"column":4},"end":{"line":80,"column":22}},"38":{"start":{"line":83,"column":2},"end":{"line":193,"column":4}},"39":{"start":{"line":175,"column":33},"end":{"line":175,"column":87}},"40":{"start":{"line":176,"column":33},"end":{"line":176,"column":66}}},"fnMap":{"0":{"name":"Login","decl":{"start":{"line":7,"column":9},"end":{"line":7,"column":14}},"loc":{"start":{"line":7,"column":17},"end":{"line":194,"column":1}},"line":7},"1":{"name":"(anonymous_1)","decl":{"start":{"line":16,"column":23},"end":{"line":16,"column":24}},"loc":{"start":{"line":16,"column":30},"end":{"line":29,"column":3}},"line":16},"2":{"name":"(anonymous_2)","decl":{"start":{"line":18,"column":16},"end":{"line":18,"column":17}},"loc":{"start":{"line":18,"column":25},"end":{"line":21,"column":5}},"line":18},"3":{"name":"(anonymous_3)","decl":{"start":{"line":24,"column":16},"end":{"line":24,"column":17}},"loc":{"start":{"line":24,"column":25},"end":{"line":27,"column":7}},"line":24},"4":{"name":"(anonymous_4)","decl":{"start":{"line":31,"column":23},"end":{"line":31,"column":24}},"loc":{"start":{"line":31,"column":29},"end":{"line":47,"column":3}},"line":31},"5":{"name":"(anonymous_5)","decl":{"start":{"line":49,"column":23},"end":{"line":49,"column":24}},"loc":{"start":{"line":49,"column":36},"end":{"line":77,"column":3}},"line":49},"6":{"name":"(anonymous_6)","decl":{"start":{"line":79,"column":28},"end":{"line":79,"column":29}},"loc":{"start":{"line":79,"column":34},"end":{"line":81,"column":3}},"line":79},"7":{"name":"(anonymous_7)","decl":{"start":{"line":175,"column":26},"end":{"line":175,"column":27}},"loc":{"start":{"line":175,"column":33},"end":{"line":175,"column":87}},"line":175},"8":{"name":"(anonymous_8)","decl":{"start":{"line":176,"column":26},"end":{"line":176,"column":27}},"loc":{"start":{"line":176,"column":33},"end":{"line":176,"column":66}},"line":176}},"branchMap":{"0":{"loc":{"start":{"line":23,"column":4},"end":{"line":28,"column":5}},"type":"if","locations":[{"start":{"line":23,"column":4},"end":{"line":28,"column":5}},{"start":{},"end":{}}],"line":23},"1":{"loc":{"start":{"line":35,"column":4},"end":{"line":39,"column":5}},"type":"if","locations":[{"start":{"line":35,"column":4},"end":{"line":39,"column":5}},{"start":{"line":37,"column":11},"end":{"line":39,"column":5}}],"line":35},"2":{"loc":{"start":{"line":37,"column":11},"end":{"line":39,"column":5}},"type":"if","locations":[{"start":{"line":37,"column":11},"end":{"line":39,"column":5}},{"start":{},"end":{}}],"line":37},"3":{"loc":{"start":{"line":42,"column":4},"end":{"line":44,"column":5}},"type":"if","locations":[{"start":{"line":42,"column":4},"end":{"line":44,"column":5}},{"start":{},"end":{}}],"line":42},"4":{"loc":{"start":{"line":54,"column":4},"end":{"line":57,"column":5}},"type":"if","locations":[{"start":{"line":54,"column":4},"end":{"line":57,"column":5}},{"start":{},"end":{}}],"line":54},"5":{"loc":{"start":{"line":67,"column":4},"end":{"line":76,"column":5}},"type":"if","locations":[{"start":{"line":67,"column":4},"end":{"line":76,"column":5}},{"start":{"line":74,"column":11},"end":{"line":76,"column":5}}],"line":67},"6":{"loc":{"start":{"line":69,"column":6},"end":{"line":73,"column":7}},"type":"if","locations":[{"start":{"line":69,"column":6},"end":{"line":73,"column":7}},{"start":{"line":71,"column":13},"end":{"line":73,"column":7}}],"line":69},"7":{"loc":{"start":{"line":96,"column":11},"end":{"line":100,"column":11}},"type":"binary-expr","locations":[{"start":{"line":96,"column":11},"end":{"line":96,"column":25}},{"start":{"line":97,"column":12},"end":{"line":99,"column":18}}],"line":96},"8":{"loc":{"start":{"line":110,"column":25},"end":{"line":110,"column":57}},"type":"cond-expr","locations":[{"start":{"line":110,"column":40},"end":{"line":110,"column":52}},{"start":{"line":110,"column":55},"end":{"line":110,"column":57}}],"line":110},"9":{"loc":{"start":{"line":114,"column":13},"end":{"line":114,"column":85}},"type":"binary-expr","locations":[{"start":{"line":114,"column":13},"end":{"line":114,"column":25}},{"start":{"line":114,"column":29},"end":{"line":114,"column":85}}],"line":114},"10":{"loc":{"start":{"line":125,"column":25},"end":{"line":125,"column":60}},"type":"cond-expr","locations":[{"start":{"line":125,"column":43},"end":{"line":125,"column":55}},{"start":{"line":125,"column":58},"end":{"line":125,"column":60}}],"line":125},"11":{"loc":{"start":{"line":129,"column":13},"end":{"line":129,"column":91}},"type":"binary-expr","locations":[{"start":{"line":129,"column":13},"end":{"line":129,"column":28}},{"start":{"line":129,"column":32},"end":{"line":129,"column":91}}],"line":129},"12":{"loc":{"start":{"line":133,"column":13},"end":{"line":133,"column":48}},"type":"cond-expr","locations":[{"start":{"line":133,"column":23},"end":{"line":133,"column":38}},{"start":{"line":133,"column":41},"end":{"line":133,"column":48}}],"line":133}},"s":{"0":0,"1":0,"2":0,"3":0,"4":0,"5":0,"6":0,"7":0,"8":0,"9":0,"10":0,"11":0,"12":0,"13":0,"14":0,"15":0,"16":0,"17":0,"18":0,"19":0,"20":0,"21":0,"22":0,"23":0,"24":0,"25":0,"26":0,"27":0,"28":0,"29":0,"30":0,"31":0,"32":0,"33":0,"34":0,"35":0,"36":0,"37":0,"38":0,"39":0,"40":0},"f":{"0":0,"1":0,"2":0,"3":0,"4":0,"5":0,"6":0,"7":0,"8":0},"b":{"0":[0,0],"1":[0,0],"2":[0,0],"3":[0,0],"4":[0,0],"5":[0,0],"6":[0,0],"7":[0,0],"8":[0,0],"9":[0,0],"10":[0,0],"11":[0,0],"12":[0,0]}}
,"C:\\Users\\Liezel Ybanez\\IT342_UniGear-Tracker_G4_Ybanez\\web\\src\\components\\MyRequests.jsx": {"path":"C:\\Users\\Liezel Ybanez\\IT342_UniGear-Tracker_G4_Ybanez\\web\\src\\components\\MyRequests.jsx","statementMap":{"0":{"start":{"line":6,"column":16},"end":{"line":6,"column":43}},"1":{"start":{"line":9,"column":34},"end":{"line":9,"column":46}},"2":{"start":{"line":10,"column":34},"end":{"line":10,"column":49}},"3":{"start":{"line":11,"column":32},"end":{"line":11,"column":46}},"4":{"start":{"line":12,"column":28},"end":{"line":12,"column":40}},"5":{"start":{"line":13,"column":36},"end":{"line":13,"column":54}},"6":{"start":{"line":14,"column":19},"end":{"line":14,"column":32}},"7":{"start":{"line":15,"column":19},"end":{"line":15,"column":32}},"8":{"start":{"line":17,"column":34},"end":{"line":29,"column":4}},"9":{"start":{"line":31,"column":2},"end":{"line":33,"column":9}},"10":{"start":{"line":32,"column":4},"end":{"line":32,"column":20}},"11":{"start":{"line":35,"column":2},"end":{"line":59,"column":33}},"12":{"start":{"line":36,"column":4},"end":{"line":38,"column":5}},"13":{"start":{"line":37,"column":6},"end":{"line":37,"column":13}},"14":{"start":{"line":40,"column":20},"end":{"line":52,"column":5}},"15":{"start":{"line":54,"column":4},"end":{"line":58,"column":5}},"16":{"start":{"line":55,"column":6},"end":{"line":55,"column":27}},"17":{"start":{"line":56,"column":6},"end":{"line":56,"column":24}},"18":{"start":{"line":57,"column":6},"end":{"line":57,"column":63}},"19":{"start":{"line":61,"column":24},"end":{"line":93,"column":3}},"20":{"start":{"line":62,"column":4},"end":{"line":92,"column":5}},"21":{"start":{"line":63,"column":20},"end":{"line":63,"column":49}},"22":{"start":{"line":64,"column":6},"end":{"line":68,"column":7}},"23":{"start":{"line":65,"column":8},"end":{"line":65,"column":57}},"24":{"start":{"line":66,"column":8},"end":{"line":66,"column":27}},"25":{"start":{"line":67,"column":8},"end":{"line":67,"column":15}},"26":{"start":{"line":70,"column":23},"end":{"line":74,"column":8}},"27":{"start":{"line":76,"column":6},"end":{"line":87,"column":7}},"28":{"start":{"line":77,"column":21},"end":{"line":77,"column":42}},"29":{"start":{"line":78,"column":8},"end":{"line":78,"column":26}},"30":{"start":{"line":79,"column":13},"end":{"line":87,"column":7}},"31":{"start":{"line":80,"column":8},"end":{"line":80,"column":57}},"32":{"start":{"line":81,"column":8},"end":{"line":81,"column":41}},"33":{"start":{"line":82,"column":8},"end":{"line":82,"column":40}},"34":{"start":{"line":83,"column":8},"end":{"line":83,"column":27}},"35":{"start":{"line":85,"column":26},"end":{"line":85,"column":47}},"36":{"start":{"line":86,"column":8},"end":{"line":86,"column":58}},"37":{"start":{"line":89,"column":6},"end":{"line":89,"column":45}},"38":{"start":{"line":91,"column":6},"end":{"line":91,"column":24}},"39":{"start":{"line":95,"column":23},"end":{"line":154,"column":3}},"40":{"start":{"line":96,"column":4},"end":{"line":96,"column":23}},"41":{"start":{"line":97,"column":4},"end":{"line":97,"column":17}},"42":{"start":{"line":99,"column":4},"end":{"line":153,"column":5}},"43":{"start":{"line":100,"column":20},"end":{"line":100,"column":49}},"44":{"start":{"line":102,"column":29},"end":{"line":102,"column":43}},"45":{"start":{"line":103,"column":6},"end":{"line":103,"column":69}},"46":{"start":{"line":104,"column":6},"end":{"line":104,"column":59}},"47":{"start":{"line":105,"column":6},"end":{"line":105,"column":65}},"48":{"start":{"line":106,"column":6},"end":{"line":106,"column":59}},"49":{"start":{"line":107,"column":6},"end":{"line":107,"column":63}},"50":{"start":{"line":108,"column":6},"end":{"line":108,"column":63}},"51":{"start":{"line":109,"column":6},"end":{"line":109,"column":65}},"52":{"start":{"line":110,"column":6},"end":{"line":110,"column":71}},"53":{"start":{"line":111,"column":6},"end":{"line":111,"column":61}},"54":{"start":{"line":112,"column":6},"end":{"line":112,"column":55}},"55":{"start":{"line":114,"column":6},"end":{"line":116,"column":7}},"56":{"start":{"line":115,"column":8},"end":{"line":115,"column":77}},"57":{"start":{"line":118,"column":23},"end":{"line":124,"column":8}},"58":{"start":{"line":126,"column":6},"end":{"line":150,"column":7}},"59":{"start":{"line":127,"column":8},"end":{"line":127,"column":27}},"60":{"start":{"line":128,"column":8},"end":{"line":140,"column":11}},"61":{"start":{"line":141,"column":8},"end":{"line":141,"column":24}},"62":{"start":{"line":142,"column":13},"end":{"line":150,"column":7}},"63":{"start":{"line":143,"column":8},"end":{"line":143,"column":57}},"64":{"start":{"line":144,"column":8},"end":{"line":144,"column":41}},"65":{"start":{"line":145,"column":8},"end":{"line":145,"column":40}},"66":{"start":{"line":146,"column":8},"end":{"line":146,"column":27}},"67":{"start":{"line":148,"column":26},"end":{"line":148,"column":47}},"68":{"start":{"line":149,"column":8},"end":{"line":149,"column":58}},"69":{"start":{"line":152,"column":6},"end":{"line":152,"column":45}},"70":{"start":{"line":156,"column":23},"end":{"line":179,"column":3}},"71":{"start":{"line":157,"column":4},"end":{"line":159,"column":5}},"72":{"start":{"line":158,"column":6},"end":{"line":158,"column":13}},"73":{"start":{"line":161,"column":4},"end":{"line":178,"column":5}},"74":{"start":{"line":162,"column":20},"end":{"line":162,"column":49}},"75":{"start":{"line":163,"column":23},"end":{"line":168,"column":8}},"76":{"start":{"line":170,"column":6},"end":{"line":175,"column":7}},"77":{"start":{"line":171,"column":8},"end":{"line":171,"column":24}},"78":{"start":{"line":173,"column":26},"end":{"line":173,"column":47}},"79":{"start":{"line":174,"column":8},"end":{"line":174,"column":58}},"80":{"start":{"line":177,"column":6},"end":{"line":177,"column":45}},"81":{"start":{"line":181,"column":25},"end":{"line":183,"column":3}},"82":{"start":{"line":182,"column":4},"end":{"line":182,"column":44}},"83":{"start":{"line":185,"column":25},"end":{"line":193,"column":3}},"84":{"start":{"line":186,"column":4},"end":{"line":192,"column":5}},"85":{"start":{"line":187,"column":23},"end":{"line":187,"column":48}},"86":{"start":{"line":188,"column":22},"end":{"line":188,"column":46}},"87":{"start":{"line":189,"column":23},"end":{"line":189,"column":48}},"88":{"start":{"line":190,"column":24},"end":{"line":190,"column":50}},"89":{"start":{"line":191,"column":15},"end":{"line":191,"column":39}},"90":{"start":{"line":195,"column":31},"end":{"line":203,"column":3}},"91":{"start":{"line":196,"column":4},"end":{"line":198,"column":5}},"92":{"start":{"line":197,"column":6},"end":{"line":197,"column":36}},"93":{"start":{"line":199,"column":4},"end":{"line":201,"column":5}},"94":{"start":{"line":200,"column":6},"end":{"line":200,"column":33}},"95":{"start":{"line":202,"column":4},"end":{"line":202,"column":34}},"96":{"start":{"line":205,"column":23},"end":{"line":209,"column":3}},"97":{"start":{"line":206,"column":4},"end":{"line":206,"column":37}},"98":{"start":{"line":207,"column":4},"end":{"line":207,"column":36}},"99":{"start":{"line":208,"column":4},"end":{"line":208,"column":23}},"100":{"start":{"line":211,"column":28},"end":{"line":236,"column":3}},"101":{"start":{"line":212,"column":4},"end":{"line":235,"column":5}},"102":{"start":{"line":213,"column":20},"end":{"line":213,"column":49}},"103":{"start":{"line":214,"column":23},"end":{"line":218,"column":8}},"104":{"start":{"line":220,"column":6},"end":{"line":232,"column":7}},"105":{"start":{"line":221,"column":21},"end":{"line":221,"column":42}},"106":{"start":{"line":222,"column":20},"end":{"line":222,"column":52}},"107":{"start":{"line":223,"column":21},"end":{"line":223,"column":48}},"108":{"start":{"line":224,"column":8},"end":{"line":224,"column":24}},"109":{"start":{"line":225,"column":8},"end":{"line":225,"column":45}},"110":{"start":{"line":226,"column":8},"end":{"line":226,"column":40}},"111":{"start":{"line":227,"column":8},"end":{"line":227,"column":21}},"112":{"start":{"line":228,"column":8},"end":{"line":228,"column":40}},"113":{"start":{"line":229,"column":8},"end":{"line":229,"column":40}},"114":{"start":{"line":231,"column":8},"end":{"line":231,"column":43}},"115":{"start":{"line":234,"column":6},"end":{"line":234,"column":40}},"116":{"start":{"line":239,"column":24},"end":{"line":239,"column":39}},"117":{"start":{"line":240,"column":23},"end":{"line":240,"column":74}},"118":{"start":{"line":240,"column":44},"end":{"line":240,"column":66}},"119":{"start":{"line":241,"column":24},"end":{"line":241,"column":76}},"120":{"start":{"line":241,"column":45},"end":{"line":241,"column":68}},"121":{"start":{"line":242,"column":25},"end":{"line":242,"column":78}},"122":{"start":{"line":242,"column":46},"end":{"line":242,"column":70}},"123":{"start":{"line":245,"column":25},"end":{"line":245,"column":98}},"124":{"start":{"line":245,"column":46},"end":{"line":245,"column":97}},"125":{"start":{"line":246,"column":26},"end":{"line":246,"column":99}},"126":{"start":{"line":246,"column":47},"end":{"line":246,"column":98}},"127":{"start":{"line":247,"column":28},"end":{"line":247,"column":85}},"128":{"start":{"line":249,"column":2},"end":{"line":251,"column":3}},"129":{"start":{"line":250,"column":4},"end":{"line":250,"column":60}},"130":{"start":{"line":253,"column":2},"end":{"line":608,"column":4}},"131":{"start":{"line":263,"column":35},"end":{"line":263,"column":57}},"132":{"start":{"line":264,"column":35},"end":{"line":264,"column":59}},"133":{"start":{"line":265,"column":35},"end":{"line":265,"column":55}},"134":{"start":{"line":277,"column":33},"end":{"line":277,"column":55}},"135":{"start":{"line":317,"column":37},"end":{"line":317,"column":94}},"136":{"start":{"line":326,"column":37},"end":{"line":326,"column":89}},"137":{"start":{"line":346,"column":37},"end":{"line":346,"column":99}},"138":{"start":{"line":356,"column":37},"end":{"line":356,"column":91}},"139":{"start":{"line":367,"column":37},"end":{"line":367,"column":91}},"140":{"start":{"line":377,"column":37},"end":{"line":377,"column":92}},"141":{"start":{"line":390,"column":37},"end":{"line":390,"column":95}},"142":{"start":{"line":400,"column":37},"end":{"line":400,"column":90}},"143":{"start":{"line":410,"column":37},"end":{"line":410,"column":87}},"144":{"start":{"line":420,"column":35},"end":{"line":420,"column":90}},"145":{"start":{"line":432,"column":35},"end":{"line":432,"column":106}},"146":{"start":{"line":449,"column":27},"end":{"line":449,"column":49}},"147":{"start":{"line":455,"column":27},"end":{"line":455,"column":50}},"148":{"start":{"line":467,"column":39},"end":{"line":467,"column":56}},"149":{"start":{"line":472,"column":14},"end":{"line":602,"column":20}},"150":{"start":{"line":572,"column":37},"end":{"line":572,"column":66}},"151":{"start":{"line":594,"column":39},"end":{"line":594,"column":63}}},"fnMap":{"0":{"name":"MyRequests","decl":{"start":{"line":8,"column":9},"end":{"line":8,"column":19}},"loc":{"start":{"line":8,"column":22},"end":{"line":609,"column":1}},"line":8},"1":{"name":"(anonymous_1)","decl":{"start":{"line":31,"column":12},"end":{"line":31,"column":13}},"loc":{"start":{"line":31,"column":18},"end":{"line":33,"column":3}},"line":31},"2":{"name":"(anonymous_2)","decl":{"start":{"line":35,"column":12},"end":{"line":35,"column":13}},"loc":{"start":{"line":35,"column":18},"end":{"line":59,"column":3}},"line":35},"3":{"name":"(anonymous_3)","decl":{"start":{"line":61,"column":24},"end":{"line":61,"column":25}},"loc":{"start":{"line":61,"column":36},"end":{"line":93,"column":3}},"line":61},"4":{"name":"(anonymous_4)","decl":{"start":{"line":95,"column":23},"end":{"line":95,"column":24}},"loc":{"start":{"line":95,"column":36},"end":{"line":154,"column":3}},"line":95},"5":{"name":"(anonymous_5)","decl":{"start":{"line":156,"column":23},"end":{"line":156,"column":24}},"loc":{"start":{"line":156,"column":37},"end":{"line":179,"column":3}},"line":156},"6":{"name":"(anonymous_6)","decl":{"start":{"line":181,"column":25},"end":{"line":181,"column":26}},"loc":{"start":{"line":181,"column":37},"end":{"line":183,"column":3}},"line":181},"7":{"name":"(anonymous_7)","decl":{"start":{"line":185,"column":25},"end":{"line":185,"column":26}},"loc":{"start":{"line":185,"column":37},"end":{"line":193,"column":3}},"line":185},"8":{"name":"(anonymous_8)","decl":{"start":{"line":195,"column":31},"end":{"line":195,"column":32}},"loc":{"start":{"line":195,"column":51},"end":{"line":203,"column":3}},"line":195},"9":{"name":"(anonymous_9)","decl":{"start":{"line":205,"column":23},"end":{"line":205,"column":24}},"loc":{"start":{"line":205,"column":29},"end":{"line":209,"column":3}},"line":205},"10":{"name":"(anonymous_10)","decl":{"start":{"line":211,"column":28},"end":{"line":211,"column":29}},"loc":{"start":{"line":211,"column":49},"end":{"line":236,"column":3}},"line":211},"11":{"name":"(anonymous_11)","decl":{"start":{"line":240,"column":39},"end":{"line":240,"column":40}},"loc":{"start":{"line":240,"column":44},"end":{"line":240,"column":66}},"line":240},"12":{"name":"(anonymous_12)","decl":{"start":{"line":241,"column":40},"end":{"line":241,"column":41}},"loc":{"start":{"line":241,"column":45},"end":{"line":241,"column":68}},"line":241},"13":{"name":"(anonymous_13)","decl":{"start":{"line":242,"column":41},"end":{"line":242,"column":42}},"loc":{"start":{"line":242,"column":46},"end":{"line":242,"column":70}},"line":242},"14":{"name":"(anonymous_14)","decl":{"start":{"line":245,"column":41},"end":{"line":245,"column":42}},"loc":{"start":{"line":245,"column":46},"end":{"line":245,"column":97}},"line":245},"15":{"name":"(anonymous_15)","decl":{"start":{"line":246,"column":42},"end":{"line":246,"column":43}},"loc":{"start":{"line":246,"column":47},"end":{"line":246,"column":98}},"line":246},"16":{"name":"(anonymous_16)","decl":{"start":{"line":263,"column":29},"end":{"line":263,"column":30}},"loc":{"start":{"line":263,"column":35},"end":{"line":263,"column":57}},"line":263},"17":{"name":"(anonymous_17)","decl":{"start":{"line":264,"column":29},"end":{"line":264,"column":30}},"loc":{"start":{"line":264,"column":35},"end":{"line":264,"column":59}},"line":264},"18":{"name":"(anonymous_18)","decl":{"start":{"line":265,"column":29},"end":{"line":265,"column":30}},"loc":{"start":{"line":265,"column":35},"end":{"line":265,"column":55}},"line":265},"19":{"name":"(anonymous_19)","decl":{"start":{"line":277,"column":27},"end":{"line":277,"column":28}},"loc":{"start":{"line":277,"column":33},"end":{"line":277,"column":55}},"line":277},"20":{"name":"(anonymous_20)","decl":{"start":{"line":317,"column":30},"end":{"line":317,"column":31}},"loc":{"start":{"line":317,"column":37},"end":{"line":317,"column":94}},"line":317},"21":{"name":"(anonymous_21)","decl":{"start":{"line":326,"column":30},"end":{"line":326,"column":31}},"loc":{"start":{"line":326,"colu
[...]
t":{"line":334,"column":19},"end":{"line":334,"column":44}},{"start":{"line":335,"column":8},"end":{"line":444,"column":11}}],"line":334},"43":{"loc":{"start":{"line":431,"column":11},"end":{"line":443,"column":11}},"type":"cond-expr","locations":[{"start":{"line":432,"column":12},"end":{"line":432,"column":67}},{"start":{"line":434,"column":12},"end":{"line":442,"column":18}}],"line":431},"44":{"loc":{"start":{"line":447,"column":7},"end":{"line":478,"column":7}},"type":"binary-expr","locations":[{"start":{"line":447,"column":7},"end":{"line":447,"column":15}},{"start":{"line":447,"column":19},"end":{"line":447,"column":40}},{"start":{"line":448,"column":8},"end":{"line":477,"column":14}}],"line":447},"45":{"loc":{"start":{"line":459,"column":15},"end":{"line":474,"column":15}},"type":"cond-expr","locations":[{"start":{"line":460,"column":16},"end":{"line":462,"column":21}},{"start":{"line":464,"column":16},"end":{"line":473,"column":18}}],"line":459},"46":{"loc":{"start":{"line":469,"column":53},"end":{"line":469,"column":96}},"type":"cond-expr","locations":[{"start":{"line":469,"column":77},"end":{"line":469,"column":84}},{"start":{"line":469,"column":87},"end":{"line":469,"column":96}}],"line":469},"47":{"loc":{"start":{"line":471,"column":25},"end":{"line":471,"column":89}},"type":"cond-expr","locations":[{"start":{"line":471,"column":42},"end":{"line":471,"column":83}},{"start":{"line":471,"column":86},"end":{"line":471,"column":89}}],"line":471},"48":{"loc":{"start":{"line":480,"column":7},"end":{"line":560,"column":7}},"type":"binary-expr","locations":[{"start":{"line":480,"column":7},"end":{"line":480,"column":15}},{"start":{"line":480,"column":19},"end":{"line":480,"column":43}},{"start":{"line":481,"column":8},"end":{"line":559,"column":14}}],"line":480},"49":{"loc":{"start":{"line":498,"column":15},"end":{"line":556,"column":15}},"type":"cond-expr","locations":[{"start":{"line":499,"column":16},"end":{"line":501,"column":21}},{"start":{"line":503,"column":16},"end":{"line":555,"column":18}}],"line":498},"50":{"loc":{"start":{"line":505,"column":25},"end":{"line":505,"column":50}},"type":"binary-expr","locations":[{"start":{"line":505,"column":25},"end":{"line":505,"column":43}},{"start":{"line":505,"column":47},"end":{"line":505,"column":50}}],"line":505},"51":{"loc":{"start":{"line":506,"column":25},"end":{"line":506,"column":51}},"type":"binary-expr","locations":[{"start":{"line":506,"column":25},"end":{"line":506,"column":44}},{"start":{"line":506,"column":48},"end":{"line":506,"column":51}}],"line":506},"52":{"loc":{"start":{"line":510,"column":25},"end":{"line":510,"column":95}},"type":"cond-expr","locations":[{"start":{"line":510,"column":43},"end":{"line":510,"column":89}},{"start":{"line":510,"column":92},"end":{"line":510,"column":95}}],"line":510},"53":{"loc":{"start":{"line":511,"column":25},"end":{"line":511,"column":95}},"type":"cond-expr","locations":[{"start":{"line":511,"column":43},"end":{"line":511,"column":89}},{"start":{"line":511,"column":92},"end":{"line":511,"column":95}}],"line":511},"54":{"loc":{"start":{"line":514,"column":23},"end":{"line":524,"column":23}},"type":"cond-expr","locations":[{"start":{"line":515,"column":24},"end":{"line":521,"column":33}},{"start":{"line":523,"column":24},"end":{"line":523,"column":57}}],"line":514},"55":{"loc":{"start":{"line":527,"column":23},"end":{"line":552,"column":23}},"type":"cond-expr","locations":[{"start":{"line":528,"column":24},"end":{"line":543,"column":30}},{"start":{"line":545,"column":24},"end":{"line":551,"column":31}}],"line":527},"56":{"loc":{"start":{"line":546,"column":27},"end":{"line":550,"column":41}},"type":"cond-expr","locations":[{"start":{"line":547,"column":30},"end":{"line":547,"column":39}},{"start":{"line":548,"column":30},"end":{"line":550,"column":41}}],"line":546},"57":{"loc":{"start":{"line":548,"column":30},"end":{"line":550,"column":41}},"type":"cond-expr","locations":[{"start":{"line":549,"column":32},"end":{"line":549,"column":45}},{"start":{"line":550,"column":32},"end":{"line":550,"column":41}}],"line":548},"58":{"loc":{"start":{"line":562,"column":7},"end":{"line":614,"column":7}},"type":"binary-expr","locations":[{"start":{"line":562,"column":7},"end":{"line":562,"column":15}},{"start":{"line":562,"column":19},"end":{"line":562,"column":43}},{"start":{"line":563,"column":8},"end":{"line":613,"column":14}}],"line":562},"59":{"loc":{"start":{"line":564,"column":11},"end":{"line":612,"column":11}},"type":"cond-expr","locations":[{"start":{"line":565,"column":12},"end":{"line":565,"column":70}},{"start":{"line":567,"column":12},"end":{"line":611,"column":14}}],"line":564},"60":{"loc":{"start":{"line":572,"column":54},"end":{"line":572,"column":79}},"type":"binary-expr","locations":[{"start":{"line":572,"column":54},"end":{"line":572,"column":72}},{"start":{"line":572,"column":76},"end":{"line":572,"column":79}}],"line":572},"61":{"loc":{"start":{"line":572,"column":83},"end":{"line":572,"column":109}},"type":"binary-expr","locations":[{"start":{"line":572,"column":83},"end":{"line":572,"column":102}},{"start":{"line":572,"column":106},"end":{"line":572,"column":109}}],"line":572},"62":{"loc":{"start":{"line":580,"column":35},"end":{"line":580,"column":99}},"type":"cond-expr","locations":[{"start":{"line":580,"column":52},"end":{"line":580,"column":93}},{"start":{"line":580,"column":96},"end":{"line":580,"column":99}}],"line":580},"63":{"loc":{"start":{"line":581,"column":37},"end":{"line":581,"column":107}},"type":"cond-expr","locations":[{"start":{"line":581,"column":55},"end":{"line":581,"column":101}},{"start":{"line":581,"column":104},"end":{"line":581,"column":107}}],"line":581},"64":{"loc":{"start":{"line":582,"column":37},"end":{"line":582,"column":107}},"type":"cond-expr","locations":[{"start":{"line":582,"column":55},"end":{"line":582,"column":101}},{"start":{"line":582,"column":104},"end":{"line":582,"column":107}}],"line":582},"65":{"loc":{"start":{"line":585,"column":17},"end":{"line":585,"column":102}},"type":"binary-expr","locations":[{"start":{"line":585,"column":17},"end":{"line":585,"column":33}},{"start":{"line":585,"column":37},"end":{"line":585,"column":102}}],"line":585},"66":{"loc":{"start":{"line":590,"column":25},"end":{"line":590,"column":53}},"type":"binary-expr","locations":[{"start":{"line":590,"column":25},"end":{"line":590,"column":47}},{"start":{"line":590,"column":51},"end":{"line":590,"column":53}}],"line":590}},"s":{"0":0,"1":0,"2":0,"3":0,"4":0,"5":0,"6":0,"7":0,"8":0,"9":0,"10":0,"11":0,"12":0,"13":0,"14":0,"15":0,"16":0,"17":0,"18":0,"19":0,"20":0,"21":0,"22":0,"23":0,"24":0,"25":0,"26":0,"27":0,"28":0,"29":0,"30":0,"31":0,"32":0,"33":0,"34":0,"35":0,"36":0,"37":0,"38":0,"39":0,"40":0,"41":0,"42":0,"43":0,"44":0,"45":0,"46":0,"47":0,"48":0,"49":0,"50":0,"51":0,"52":0,"53":0,"54":0,"55":0,"56":0,"57":0,"58":0,"59":0,"60":0,"61":0,"62":0,"63":0,"64":0,"65":0,"66":0,"67":0,"68":0,"69":0,"70":0,"71":0,"72":0,"73":0,"74":0,"75":0,"76":0,"77":0,"78":0,"79":0,"80":0,"81":0,"82":0,"83":0,"84":0,"85":0,"86":0,"87":0,"88":0,"89":0,"90":0,"91":0,"92":0,"93":0,"94":0,"95":0,"96":0,"97":0,"98":0,"99":0,"100":0,"101":0,"102":0,"103":0,"104":0,"105":0,"106":0,"107":0,"108":0,"109":0,"110":0,"111":0,"112":0,"113":0,"114":0,"115":0,"116":0,"117":0,"118":0,"119":0,"120":0,"121":0,"122":0,"123":0,"124":0,"125":0,"126":0,"127":0,"128":0,"129":0,"130":0,"131":0},"f":{"0":0,"1":0,"2":0,"3":0,"4":0,"5":0,"6":0,"7":0,"8":0,"9":0,"10":0,"11":0,"12":0,"13":0,"14":0,"15":0,"16":0,"17":0,"18":0,"19":0,"20":0,"21":0,"22":0,"23":0,"24":0,"25":0,"26":0,"27":0,"28":0,"29":0,"30":0,"31":0,"32":0,"33":0,"34":0,"35":0,"36":0,"37":0,"38":0,"39":0,"40":0,"41":0,"42":0,"43":0,"44":0,"45":0,"46":0},"b":{"0":[0,0],"1":[0],"2":[0],"3":[0],"4":[0],"5":[0,0],"6":[0,0],"7":[0,0],"8":[0,0],"9":[0,0],"10":[0,0],"11":[0,0],"12":[0,0],"13":[0,0],"14":[0,0],"15":[0,0],"16":[0,0],"17":[0,0],"18":[0],"19":[0,0],"20":[0,0],"21":[0,0],"22":[0,0],"23":[0,0],"24":[0,0],"25":[0,0],"26":[0,0],"27":[0,0],"28":[0,0],"29":[0,0],"30":[0,0],"31":[0,0],"32":[0,0],"33":[0,0],"34":[0,0],"35":[0,0],"36":[0,0,0],"37":[0,0],"38":[0,0],"39":[0,0],"40":[0,0],"41":[0,0],"42":[0,0,0],"43":[0,0],"44":[0,0,0],"45":[0,0],"46":[0,0],"47":[0,0],"48":[0,0,0],"49":[0,0],"50":[0,0],"51":[0,0],"52":[0,0],"53":[0,0],"54":[0,0],"55":[0,0],"56":[0,0],"57":[0,0],"58":[0,0,0],"59":[0,0],"60":[0,0],"61":[0,0],"62":[0,0],"63":[0,0],"64":[0,0],"65":[0,0],"66":[0,0]}}
,"C:\\Users\\Liezel Ybanez\\IT342_UniGear-Tracker_G4_Ybanez\\web\\src\\components\\Users\\UserProfilePanel.jsx": {"path":"C:\\Users\\Liezel Ybanez\\IT342_UniGear-Tracker_G4_Ybanez\\web\\src\\components\\Users\\UserProfilePanel.jsx","statementMap":{"0":{"start":{"line":15,"column":2},"end":{"line":186,"column":4}},"1":{"start":{"line":33,"column":33},"end":{"line":33,"column":49}},"2":{"start":{"line":58,"column":33},"end":{"line":58,"column":49}},"3":{"start":{"line":69,"column":31},"end":{"line":69,"column":81}},"4":{"start":{"line":97,"column":31},"end":{"line":97,"column":80}},"5":{"start":{"line":111,"column":18},"end":{"line":111,"column":56}},"6":{"start":{"line":112,"column":18},"end":{"line":112,"column":51}},"7":{"start":{"line":115,"column":18},"end":{"line":115,"column":56}},"8":{"start":{"line":116,"column":18},"end":{"line":116,"column":51}},"9":{"start":{"line":145,"column":35},"end":{"line":145,"column":76}},"10":{"start":{"line":171,"column":16},"end":{"line":171,"column":34}},"11":{"start":{"line":172,"column":16},"end":{"line":175,"column":19}},"12":{"start":{"line":176,"column":16},"end":{"line":176,"column":29}}},"fnMap":{"0":{"name":"UserProfilePanel","decl":{"start":{"line":3,"column":9},"end":{"line":3,"column":25}},"loc":{"start":{"line":14,"column":3},"end":{"line":187,"column":1}},"line":14},"1":{"name":"(anonymous_1)","decl":{"start":{"line":33,"column":27},"end":{"line":33,"column":28}},"loc":{"start":{"line":33,"column":33},"end":{"line":33,"column":49}},"line":33},"2":{"name":"(anonymous_2)","decl":{"start":{"line":58,"column":27},"end":{"line":58,"column":28}},"loc":{"start":{"line":58,"column":33},"end":{"line":58,"column":49}},"line":58},"3":{"name":"(anonymous_3)","decl":{"start":{"line":69,"column":24},"end":{"line":69,"column":25}},"loc":{"start":{"line":69,"column":31},"end":{"line":69,"column":81}},"line":69},"4":{"name":"(anonymous_4)","decl":{"start":{"line":97,"column":25},"end":{"line":97,"column":26}},"loc":{"start":{"line":97,"column":31},"end":{"line":97,"column":80}},"line":97},"5":{"name":"(anonymous_5)","decl":{"start":{"line":110,"column":29},"end":{"line":110,"column":30}},"loc":{"start":{"line":110,"column":36},"end":{"line":113,"column":17}},"line":110},"6":{"name":"(anonymous_6)","decl":{"start":{"line":114,"column":28},"end":{"line":114,"column":29}},"loc":{"start":{"line":114,"column":35},"end":{"line":117,"column":17}},"line":114},"7":{"name":"(anonymous_7)","decl":{"start":{"line":145,"column":29},"end":{"line":145,"column":30}},"loc":{"start":{"line":145,"column":35},"end":{"line":145,"column":76}},"line":145},"8":{"name":"(anonymous_8)","decl":{"start":{"line":170,"column":23},"end":{"line":170,"column":24}},"loc":{"start":{"line":170,"column":29},"end":{"line":177,"column":15}},"line":170}},"branchMap":{"0":{"loc":{"start":{"line":19,"column":7},"end":{"line":19,"column":60}},"type":"binary-expr","locations":[{"start":{"line":19,"column":7},"end":{"line":19,"column":12}},{"start":{"line":19,"column":16},"end":{"line":19,"column":60}}],"line":19},"1":{"loc":{"start":{"line":20,"column":7},"end":{"line":20,"column":66}},"type":"binary-expr","locations":[{"start":{"line":20,"column":7},"end":{"line":20,"column":14}},{"start":{"line":20,"column":18},"end":{"line":20,"column":66}}],"line":20},"2":{"loc":{"start":{"line":24,"column":11},"end":{"line":30,"column":11}},"type":"cond-expr","locations":[{"start":{"line":25,"column":12},"end":{"line":25,"column":60}},{"start":{"line":27,"column":12},"end":{"line":29,"column":18}}],"line":24},"3":{"loc":{"start":{"line":32,"column":9},"end":{"line":36,"column":9}},"type":"binary-expr","locations":[{"start":{"line":32,"column":9},"end":{"line":32,"column":17}},{"start":{"line":33,"column":10},"end":{"line":35,"column":19}}],"line":32},"4":{"loc":{"start":{"line":39,"column":7},"end":{"line":184,"column":7}},"type":"cond-expr","locations":[{"start":{"line":40,"column":8},"end":{"line":61,"column":14}},{"start":{"line":63,"column":8},"end":{"line":183,"column":15}}],"line":39},"5":{"loc":{"start":{"line":55,"column":19},"end":{"line":55,"column":44}},"type":"binary-expr","locations":[{"start":{"line":55,"column":19},"end":{"line":55,"column":31}},{"start":{"line":55,"column":35},"end":{"line":55,"column":44}}],"line":55},"6":{"loc":{"start":{"line":123,"column":15},"end":{"line":160,"column":15}},"type":"binary-expr","locations":[{"start":{"line":123,"column":15},"end":{"line":123,"column":31}},{"start":{"line":124,"column":16},"end":{"line":159,"column":22}}],"line":123},"7":{"loc":{"start":{"line":174,"column":27},"end":{"line":174,"column":48}},"type":"binary-expr","locations":[{"start":{"line":174,"column":27},"end":{"line":174,"column":42}},{"start":{"line":174,"column":46},"end":{"line":174,"column":48}}],"line":174}},"s":{"0":0,"1":0,"2":0,"3":0,"4":0,"5":0,"6":0,"7":0,"8":0,"9":0,"10":0,"11":0,"12":0},"f":{"0":0,"1":0,"2":0,"3":0,"4":0,"5":0,"6":0,"7":0,"8":0},"b":{"0":[0,0],"1":[0,0],"2":[0,0],"3":[0,0],"4":[0,0],"5":[0,0],"6":[0,0],"7":[0,0]}}
,"C:\\Users\\Liezel Ybanez\\IT342_UniGear-Tracker_G4_Ybanez\\web\\src\\services\\authService.js": {"path":"C:\\Users\\Liezel Ybanez\\IT342_UniGear-Tracker_G4_Ybanez\\web\\src\\services\\authService.js","statementMap":{"0":{"start":{"line":3,"column":21},"end":{"line":3,"column":86}},"1":{"start":{"line":4,"column":16},"end":{"line":4,"column":38}},"2":{"start":{"line":5,"column":25},"end":{"line":5,"column":62}},"3":{"start":{"line":8,"column":0},"end":{"line":8,"column":73}},"4":{"start":{"line":9,"column":0},"end":{"line":9,"column":43}},"5":{"start":{"line":10,"column":0},"end":{"line":10,"column":33}},"6":{"start":{"line":18,"column":24},"end":{"line":42,"column":1}},"7":{"start":{"line":19,"column":2},"end":{"line":41,"column":3}},"8":{"start":{"line":20,"column":21},"end":{"line":24,"column":6}},"9":{"start":{"line":27,"column":4},"end":{"line":33,"column":5}},"10":{"start":{"line":28,"column":6},"end":{"line":28,"column":66}},"11":{"start":{"line":30,"column":6},"end":{"line":32,"column":7}},"12":{"start":{"line":31,"column":8},"end":{"line":31,"column":65}},"13":{"start":{"line":35,"column":4},"end":{"line":35,"column":50}},"14":{"start":{"line":37,"column":4},"end":{"line":40,"column":6}},"15":{"start":{"line":45,"column":21},"end":{"line":69,"column":1}},"16":{"start":{"line":46,"column":2},"end":{"line":68,"column":3}},"17":{"start":{"line":47,"column":21},"end":{"line":50,"column":6}},"18":{"start":{"line":53,"column":4},"end":{"line":59,"column":5}},"19":{"start":{"line":54,"column":6},"end":{"line":54,"column":66}},"20":{"start":{"line":56,"column":6},"end":{"line":58,"column":7}},"21":{"start":{"line":57,"column":8},"end":{"line":57,"column":65}},"22":{"start":{"line":61,"column":4},"end":{"line":61,"column":50}},"23":{"start":{"line":63,"column":2},"end":{"line":63,"column":35}},"24":{"start":{"line":64,"column":4},"end":{"line":67,"column":6}},"25":{"start":{"line":72,"column":22},"end":{"line":75,"column":1}},"26":{"start":{"line":73,"column":2},"end":{"line":73,"column":34}},"27":{"start":{"line":74,"column":2},"end":{"line":74,"column":35}},"28":{"start":{"line":78,"column":30},"end":{"line":81,"column":1}},"29":{"start":{"line":79,"column":15},"end":{"line":79,"column":43}},"30":{"start":{"line":80,"column":2},"end":{"line":80,"column":40}},"31":{"start":{"line":84,"column":31},"end":{"line":87,"column":1}},"32":{"start":{"line":85,"column":16},"end":{"line":85,"column":45}},"33":{"start":{"line":86,"column":2},"end":{"line":86,"column":17}},"34":{"start":{"line":90,"column":31},"end":{"line":94,"column":1}},"35":{"start":{"line":92,"column":22},"end":{"line":92,"column":64}},"36":{"start":{"line":93,"column":2},"end":{"line":93,"column":98}},"37":{"start":{"line":97,"column":28},"end":{"line":99,"column":1}},"38":{"start":{"line":98,"column":2},"end":{"line":98,"column":39}}},"fnMap":{"0":{"name":"(anonymous_0)","decl":{"start":{"line":18,"column":24},"end":{"line":18,"column":25}},"loc":{"start":{"line":18,"column":57},"end":{"line":42,"column":1}},"line":18},"1":{"name":"(anonymous_1)","decl":{"start":{"line":45,"column":21},"end":{"line":45,"column":22}},"loc":{"start":{"line":45,"column":48},"end":{"line":69,"column":1}},"line":45},"2":{"name":"(anonymous_2)","decl":{"start":{"line":72,"column":22},"end":{"line":72,"column":23}},"loc":{"start":{"line":72,"column":28},"end":{"line":75,"column":1}},"line":72},"3":{"name":"(anonymous_3)","decl":{"start":{"line":78,"column":30},"end":{"line":78,"column":31}},"loc":{"start":{"line":78,"column":36},"end":{"line":81,"column":1}},"line":78},"4":{"name":"(anonymous_4)","decl":{"start":{"line":84,"column":31},"end":{"line":84,"column":32}},"loc":{"start":{"line":84,"column":37},"end":{"line":87,"column":1}},"line":84},"5":{"name":"(anonymous_5)","decl":{"start":{"line":90,"column":31},"end":{"line":90,"column":32}},"loc":{"start":{"line":90,"column":37},"end":{"line":94,"column":1}},"line":90},"6":{"name":"(anonymous_6)","decl":{"start":{"line":97,"column":28},"end":{"line":97,"column":29}},"loc":{"start":{"line":97,"column":34},"end":{"line":99,"column":1}},"line":97}},"branchMap":{"0":{"loc":{"start":{"line":3,"column":21},"end":{"line":3,"column":86}},"type":"binary-expr","locations":[{"start":{"line":3,"column":21},"end":{"line":3,"column":55}},{"start":{"line":3,"column":59},"end":{"line":3,"column":86}}],"line":3},"1":{"loc":{"start":{"line":27,"column":4},"end":{"line":33,"column":5}},"type":"if","locations":[{"start":{"line":27,"column":4},"end":{"line":33,"column":5}},{"start":{},"end":{}}],"line":27},"2":{"loc":{"start":{"line":30,"column":6},"end":{"line":32,"column":7}},"type":"if","locations":[{"start":{"line":30,"column":6},"end":{"line":32,"column":7}},{"start":{},"end":{}}],"line":30},"3":{"loc":{"start":{"line":39,"column":13},"end":{"line":39,"column":89}},"type":"binary-expr","locations":[{"start":{"line":39,"column":13},"end":{"line":39,"column":40}},{"start":{"line":39,"column":44},"end":{"line":39,"column":64}},{"start":{"line":39,"column":68},"end":{"line":39,"column":89}}],"line":39},"4":{"loc":{"start":{"line":53,"column":4},"end":{"line":59,"column":5}},"type":"if","locations":[{"start":{"line":53,"column":4},"end":{"line":59,"column":5}},{"start":{},"end":{}}],"line":53},"5":{"loc":{"start":{"line":56,"column":6},"end":{"line":58,"column":7}},"type":"if","locations":[{"start":{"line":56,"column":6},"end":{"line":58,"column":7}},{"start":{},"end":{}}],"line":56},"6":{"loc":{"start":{"line":66,"column":13},"end":{"line":66,"column":58}},"type":"binary-expr","locations":[{"start":{"line":66,"column":13},"end":{"line":66,"column":40}},{"start":{"line":66,"column":44},"end":{"line":66,"column":58}}],"line":66},"7":{"loc":{"start":{"line":80,"column":9},"end":{"line":80,"column":39}},"type":"cond-expr","locations":[{"start":{"line":80,"column":16},"end":{"line":80,"column":32}},{"start":{"line":80,"column":35},"end":{"line":80,"column":39}}],"line":80}},"s":{"0":1,"1":1,"2":1,"3":1,"4":1,"5":1,"6":1,"7":1,"8":1,"9":1,"10":1,"11":1,"12":1,"13":1,"14":0,"15":1,"16":1,"17":1,"18":0,"19":0,"20":0,"21":0,"22":0,"23":1,"24":1,"25":1,"26":1,"27":1,"28":1,"29":2,"30":2,"31":1,"32":2,"33":2,"34":1,"35":0,"36":0,"37":1,"38":3},"f":{"0":1,"1":1,"2":1,"3":2,"4":2,"5":0,"6":3},"b":{"0":[1,0],"1":[1,0],"2":[1,0],"3":[0,0,0],"4":[0,0],"5":[0,0],"6":[1,0],"7":[1,1]},"_coverageSchema":"1a1c01bbd47fc00a2c39e90264f33305004495a9","hash":"012d120886076e70a2f7f7aedd474aaa94f65c96"}
}
