TN:
SF:src\App.jsx
FN:14,ProtectedRoute
FN:18,DashboardEntry
FN:31,AdminRoute
FN:44,App
FNF:4
FNH:0
FNDA:0,ProtectedRoute
FNDA:0,DashboardEntry
FNDA:0,AdminRoute
FNDA:0,App
DA:15,0
DA:19,0
DA:20,0
DA:23,0
DA:24,0
DA:25,0
DA:28,0
DA:32,0
DA:33,0
DA:36,0
DA:37,0
DA:38,0
DA:41,0
DA:45,0
LF:14
LH:0
BRDA:15,0,0,0
BRDA:15,0,1,0
BRDA:19,1,0,0
BRDA:19,1,1,0
BRDA:24,2,0,0
BRDA:24,2,1,0
BRDA:32,3,0,0
BRDA:32,3,1,0
BRDA:37,4,0,0
BRDA:37,4,1,0
BRF:10
BRH:0
end_of_record
TN:
SF:src\index.js
FNF:0
FNH:0
DA:6,0
DA:7,0
LF:2
LH:0
BRF:0
BRH:0
end_of_record
TN:
SF:src\components\EquipmentDetail.jsx
FN:12,EquipmentDetail
FN:27,(anonymous_1)
FN:32,(anonymous_2)
FN:36,(anonymous_3)
FN:40,(anonymous_4)
FN:61,(anonymous_5)
FN:85,(anonymous_6)
FN:89,(anonymous_7)
FN:93,(anonymous_8)
FN:95,(anonymous_9)
FN:105,(anonymous_10)
FN:110,(anonymous_11)
FN:119,(anonymous_12)
FN:128,(anonymous_13)
FN:146,(anonymous_14)
FN:165,(anonymous_15)
FN:184,(anonymous_16)
FN:204,(anonymous_17)
FN:206,(anonymous_18)
FN:208,(anonymous_19)
FN:260,(anonymous_20)
FN:267,(anonymous_21)
FN:285,(anonymous_22)
FN:300,(anonymous_23)
FN:303,(anonymous_24)
FN:304,(anonymous_25)
FN:305,(anonymous_26)
FN:306,(anonymous_27)
FN:307,(anonymous_28)
FN:311,(anonymous_29)
FN:312,(anonymous_30)
FN:323,(anonymous_31)
FN:358,(anonymous_32)
FN:358,(anonymous_33)
FN:364,(anonymous_34)
FN:368,(anonymous_35)
FN:377,(anonymous_36)
FN:377,(anonymous_37)
FN:419,(anonymous_38)
FN:437,(anonymous_39)
FN:447,(anonymous_40)
FN:454,(anonymous_41)
FN:462,(anonymous_42)
FN:473,(anonymous_43)
FN:503,(anonymous_44)
FN:532,(anonymous_45)
FNF:46
FNH:0
FNDA:0,EquipmentDetail
FNDA:0,(anonymous_1)
FNDA:0,(anonymous_2)
FNDA:0,(anonymous_3)
FNDA:0,(anonymous_4)
FNDA:0,(anonymous_5)
FNDA:0,(anonymous_6)
FNDA:0,(anonymous_7)
FNDA:0,(anonymous_8)
FNDA:0,(anonymous_9)
FNDA:0,(anonymous_10)
FNDA:0,(anonymous_11)
FNDA:0,(anonymous_12)
FNDA:0,(anonymous_13)
FNDA:0,(anonymous_14)
FNDA:0,(anonymous_15)
FNDA:0,(anonymous_16)
FNDA:0,(anonymous_17)
FNDA:0,(anonymous_18)
FNDA:0,(anonymous_19)
FNDA:0,(anonymous_20)
FNDA:0,(anonymous_21)
FNDA:0,(anonymous_22)
FNDA:0,(anonymous_23)
FNDA:0,(anonymous_24)
FNDA:0,(anonymous_25)
FNDA:0,(anonymous_26)
FNDA:0,(anonymous_27)
FNDA:0,(anonymous_28)
FNDA:0,(anonymous_29)
FNDA:0,(anonymous_30)
FNDA:0,(anonymous_31)
FNDA:0,(anonymous_32)
FNDA:0,(anonymous_33)
FNDA:0,(anonymous_34)
FNDA:0,(anonymous_35)
FNDA:0,(anonymous_36)
FNDA:0,(anonymous_37)
FNDA:0,(anonymous_38)
FNDA:0,(anonymous_39)
FNDA:0,(anonymous_40)
FNDA:0,(anonymous_41)
FNDA:0,(anonymous_42)
FNDA:0,(anonymous_43)
FNDA:0,(anonymous_44)
FNDA:0,(anonymous_45)
DA:7,0
DA:8,0
DA:9,0
DA:10,0
DA:13,0
DA:14,0
DA:15,0
DA:16,0
DA:17,0
DA:18,0
DA:19,0
DA:20,0
DA:21,0
DA:22,0
DA:23,0
DA:24,0
DA:25,0
DA:27,0
DA:28,0
DA:29,0
DA:32,0
DA:33,0
DA:34,0
DA:36,0
DA:40,0
DA:41,0
DA:42,0
DA:43,0
DA:46,0
DA:52,0
DA:53,0
DA:54,0
DA:57,0
DA:58,0
DA:61,0
DA:63,0
DA:67,0
DA:68,0
DA:71,0
DA:72,0
DA:77,0
DA:79,0
DA:85,0
DA:86,0
DA:89,0
DA:90,0
DA:93,0
DA:94,0
DA:95,0
DA:96,0
DA:97,0
DA:105,0
DA:106,0
DA:107,0
DA:110,0
DA:111,0
DA:112,0
DA:119,0
DA:120,0
DA:121,0
DA:128,0
DA:129,0
DA:131,0
DA:132,0
DA:133,0
DA:134,0
DA:135,0
DA:136,0
DA:138,0
DA:141,0
DA:142,0
DA:146,0
DA:147,0
DA:148,0
DA:149,0
DA:152,0
DA:153,0
DA:157,0
DA:158,0
DA:161,0
DA:165,0
DA:167,0
DA:168,0
DA:169,0
DA:172,0
DA:173,0
DA:174,0
DA:178,0
DA:179,0
DA:182,0
DA:183,0
DA:184,0
DA:190,0
DA:192,0
DA:193,0
DA:196,0
DA:198,0
DA:200,0
DA:204,0
DA:205,0
DA:206,0
DA:208,0
DA:209,0
DA:210,0
DA:211,0
DA:212,0
DA:215,0
DA:216,0
DA:217,0
DA:218,0
DA:221,0
DA:222,0
DA:224,0
DA:225,0
DA:232,0
DA:233,0
DA:234,0
DA:235,0
DA:238,0
DA:239,0
DA:240,0
DA:243,0
DA:244,0
DA:246,0
DA:248,0
DA:249,0
DA:251,0
DA:254,0
DA:258,0
DA:260,0
DA:261,0
DA:262,0
DA:267,0
DA:268,0
DA:269,0
DA:273,0
DA:274,0
DA:277,0
DA:278,0
DA:281,0
DA:282,0
DA:285,0
DA:290,0
DA:300,0
DA:303,0
DA:304,0
DA:305,0
DA:306,0
DA:307,0
DA:311,0
DA:312,0
DA:323,0
DA:358,0
DA:365,0
DA:368,0
DA:377,0
DA:420,0
DA:437,0
DA:447,0
DA:455,0
DA:463,0
DA:473,0
DA:504,0
DA:505,0
DA:532,0
LF:165
LH:0
BRDA:7,0,0,0
BRDA:7,0,1,0
BRDA:9,1,0,0
BRDA:9,1,1,0
BRDA:33,2,0,0
BRDA:33,2,1,0
BRDA:43,3,0,0
BRDA:43,3,1,0
BRDA:43,4,0,0
BRDA:43,4,1,0
BRDA:52,5,0,0
BRDA:52,5,1,0
BRDA:63,6,0,0
BRDA:63,6,1,0
BRDA:64,7,0,0
BRDA:64,7,1,0
BRDA:64,7,2,0
BRDA:94,8,0,0
BRDA:94,8,1,0
BRDA:98,9,0,0
BRDA:98,9,1,0
BRDA:98,9,2,0
BRDA:106,10,0,0
BRDA:106,10,1,0
BRDA:106,11,0,0
BRDA:106,11,1,0
BRDA:106,11,2,0
BRDA:107,12,0,0
BRDA:107,12,1,0
BRDA:111,13,0,0
BRDA:111,13,1,0
BRDA:111,14,0,0
BRDA:111,14,1,0
BRDA:113,15,0,0
BRDA:113,15,1,0
BRDA:113,15,2,0
BRDA:120,16,0,0
BRDA:120,16,1,0
BRDA:120,17,0,0
BRDA:120,17,1,0
BRDA:122,18,0,0
BRDA:122,18,1,0
BRDA:122,18,2,0
BRDA:129,19,0,0
BRDA:129,19,1,0
BRDA:131,20,0,0
BRDA:131,20,1,0
BRDA:133,21,0,0
BRDA:133,21,1,0
BRDA:134,22,0,0
BRDA:134,22,1,0
BRDA:167,23,0,0
BRDA:167,23,1,0
BRDA:178,24,0,0
BRDA:178,24,1,0
BRDA:183,25,0,0
BRDA:183,25,1,0
BRDA:183,26,0,0
BRDA:183,26,1,0
BRDA:186,27,0,0
BRDA:186,27,1,0
BRDA:210,28,0,0
BRDA:210,28,1,0
BRDA:216,29,0,0
BRDA:216,29,1,0
BRDA:232,30,0,0
BRDA:232,30,1,0
BRDA:238,31,0,0
BRDA:238,31,1,0
BRDA:240,32,0,0
BRDA:240,32,1,0
BRDA:248,33,0,0
BRDA:248,33,1,0
BRDA:251,34,0,0
BRDA:251,34,1,0
BRDA:268,35,0,0
BRDA:268,35,1,0
BRDA:268,36,0,0
BRDA:268,36,1,0
BRDA:273,37,0,0
BRDA:273,37,1,0
BRDA:277,38,0,0
BRDA:277,38,1,0
BRDA:281,39,0,0
BRDA:281,39,1,0
BRDA:284,40,0,0
BRDA:284,40,1,0
BRDA:301,41,0,0
BRDA:301,41,1,0
BRDA:334,42,0,0
BRDA:334,42,1,0
BRDA:354,43,0,0
BRDA:354,43,1,0
BRDA:358,44,0,0
BRDA:358,44,1,0
BRDA:367,45,0,0
BRDA:367,45,1,0
BRDA:377,46,0,0
BRDA:377,46,1,0
BRDA:394,47,0,0
BRDA:394,47,1,0
BRDA:401,48,0,0
BRDA:401,48,1,0
BRDA:419,49,0,0
BRDA:419,49,1,0
BRDA:467,50,0,0
BRDA:467,50,1,0
BRDA:468,51,0,0
BRDA:468,51,1,0
BRDA:469,52,0,0
BRDA:469,52,1,0
BRDA:470,53,0,0
BRDA:470,53,1,0
BRDA:471,54,0,0
BRDA:471,54,1,0
BRDA:473,55,0,0
BRDA:473,55,1,0
BRDA:474,56,0,0
BRDA:474,56,1,0
BRDA:476,57,0,0
BRDA:476,57,1,0
BRDA:477,58,0,0
BRDA:477,58,1,0
BRDA:483,59,0,0
BRDA:483,59,1,0
BRDA:489,60,0,0
BRDA:489,60,1,0
BRDA:493,61,0,0
BRDA:493,61,1,0
BRDA:495,62,0,0
BRDA:495,62,1,0
BRDA:537,63,0,0
BRDA:537,63,1,0
BRDA:538,64,0,0
BRDA:538,64,1,0
BRF:135
BRH:0
end_of_record
TN:
SF:src\components\HomepageCatalog.jsx
FN:9,HomepageCatalog
FN:19,(anonymous_1)
FN:20,(anonymous_2)
FN:60,(anonymous_3)
FN:67,(anonymous_4)
FN:67,(anonymous_5)
FN:70,(anonymous_6)
FN:74,(anonymous_7)
FN:78,(anonymous_8)
FN:100,(anonymous_9)
FN:103,(anonymous_10)
FN:104,(anonymous_11)
FN:105,(anonymous_12)
FN:106,(anonymous_13)
FN:107,(anonymous_14)
FN:111,(anonymous_15)
FN:112,(anonymous_16)
FN:134,(anonymous_17)
FN:146,(anonymous_18)
FN:147,(anonymous_19)
FN:148,(anonymous_20)
FN:171,(anonymous_21)
FN:175,(anonymous_22)
FN:186,(anonymous_23)
FN:190,(anonymous_24)
FNF:25
FNH:0
FNDA:0,HomepageCatalog
FNDA:0,(anonymous_1)
FNDA:0,(anonymous_2)
FNDA:0,(anonymous_3)
FNDA:0,(anonymous_4)
FNDA:0,(anonymous_5)
FNDA:0,(anonymous_6)
FNDA:0,(anonymous_7)
FNDA:0,(anonymous_8)
FNDA:0,(anonymous_9)
FNDA:0,(anonymous_10)
FNDA:0,(anonymous_11)
FNDA:0,(anonymous_12)
FNDA:0,(anonymous_13)
FNDA:0,(anonymous_14)
FNDA:0,(anonymous_15)
FNDA:0,(anonymous_16)
FNDA:0,(anonymous_17)
FNDA:0,(anonymous_18)
FNDA:0,(anonymous_19)
FNDA:0,(anonymous_20)
FNDA:0,(anonymous_21)
FNDA:0,(anonymous_22)
FNDA:0,(anonymous_23)
FNDA:0,(anonymous_24)
DA:7,0
DA:10,0
DA:11,0
DA:12,0
DA:13,0
DA:14,0
DA:15,0
DA:16,0
DA:17,0
DA:19,0
DA:20,0
DA:21,0
DA:22,0
DA:23,0
DA:24,0
DA:27,0
DA:28,0
DA:30,0
DA:31,0
DA:37,0
DA:38,0
DA:39,0
DA:40,0
DA:43,0
DA:44,0
DA:45,0
DA:48,0
DA:49,0
DA:51,0
DA:53,0
DA:57,0
DA:60,0
DA:61,0
DA:62,0
DA:65,0
DA:67,0
DA:70,0
DA:71,0
DA:72,0
DA:74,0
DA:78,0
DA:79,0
DA:81,0
DA:83,0
DA:86,0
DA:87,0
DA:90,0
DA:100,0
DA:103,0
DA:104,0
DA:105,0
DA:106,0
DA:107,0
DA:111,0
DA:112,0
DA:134,0
DA:146,0
DA:147,0
DA:148,0
DA:172,0
DA:175,0
DA:187,0
DA:190,0
LF:63
LH:0
BRDA:7,0,0,0
BRDA:7,0,1,0
BRDA:22,1,0,0
BRDA:22,1,1,0
BRDA:37,2,0,0
BRDA:37,2,1,0
BRDA:43,3,0,0
BRDA:43,3,1,0
BRDA:45,4,0,0
BRDA:45,4,1,0
BRDA:49,5,0,0
BRDA:49,5,1,0
BRDA:51,6,0,0
BRDA:51,6,1,0
BRDA:71,7,0,0
BRDA:71,7,1,0
BRDA:79,8,0,0
BRDA:79,8,1,0
BRDA:81,9,0,0
BRDA:81,9,1,0
BRDA:83,10,0,0
BRDA:83,10,1,0
BRDA:86,11,0,0
BRDA:86,11,1,0
BRDA:101,12,0,0
BRDA:101,12,1,0
BRDA:160,13,0,0
BRDA:160,13,1,0
BRDA:174,14,0,0
BRDA:174,14,1,0
BRDA:185,15,0,0
BRDA:185,15,1,0
BRDA:200,16,0,0
BRDA:200,16,1,0
BRF:34
BRH:0
end_of_record
TN:
SF:src\components\Login.jsx
FN:7,Login
FN:16,(anonymous_1)
FN:18,(anonymous_2)
FN:24,(anonymous_3)
FN:31,(anonymous_4)
FN:49,(anonymous_5)
FN:79,(anonymous_6)
FN:175,(anonymous_7)
FN:176,(anonymous_8)
FNF:9
FNH:0
FNDA:0,Login
FNDA:0,(anonymous_1)
FNDA:0,(anonymous_2)
FNDA:0,(anonymous_3)
FNDA:0,(anonymous_4)
FNDA:0,(anonymous_5)
FNDA:0,(anonymous_6)
FNDA:0,(anonymous_7)
FNDA:0,(anonymous_8)
DA:8,0
DA:9,0
DA:13,0
DA:14,0
DA:16,0
DA:17,0
DA:18,0
DA:23,0
DA:24,0
DA:31,0
DA:32,0
DA:35,0
DA:36,0
DA:37,0
DA:38,0
DA:42,0
DA:43,0
DA:46,0
DA:49,0
DA:50,0
DA:53,0
DA:54,0
DA:55,0
DA:56,0
DA:59,0
DA:60,0
DA:63,0
DA:65,0
DA:67,0
DA:68,0
DA:69,0
DA:70,0
DA:72,0
DA:75,0
DA:79,0
DA:80,0
DA:83,0
DA:175,0
DA:176,0
LF:39
LH:0
BRDA:23,0,0,0
BRDA:23,0,1,0
BRDA:35,1,0,0
BRDA:35,1,1,0
BRDA:37,2,0,0
BRDA:37,2,1,0
BRDA:42,3,0,0
BRDA:42,3,1,0
BRDA:54,4,0,0
BRDA:54,4,1,0
BRDA:67,5,0,0
BRDA:67,5,1,0
BRDA:69,6,0,0
BRDA:69,6,1,0
BRDA:96,7,0,0
BRDA:96,7,1,0
BRDA:110,8,0,0
BRDA:110,8,1,0
BRDA:114,9,0,0
BRDA:114,9,1,0
BRDA:125,10,0,0
BRDA:125,10,1,0
BRDA:129,11,0,0
BRDA:129,11,1,0
BRDA:133,12,0,0
BRDA:133,12,1,0
BRF:26
BRH:0
end_of_record
TN:
SF:src\components\MyRequests.jsx
FN:8,MyRequests
FN:31,(anonymous_1)
FN:35,(anonymous_2)
FN:61,(anonymous_3)
FN:95,(anonymous_4)
FN:156,(anonymous_5)
FN:181,(anonymous_6)
FN:185,(anonymous_7)
FN:195,(anonymous_8)
FN:205,(anonymous_9)
FN:211,(anonymous_10)
FN:240,(anonymous_11)
FN:241,(anonymous_12)
FN:242,(anonymous_13)
FN:245,(anonymous_14)
FN:246,(anonymous_15)
FN:263,(anonymous_16)
FN:264,(anonymous_17)
FN:265,(anonymous_18)
FN:277,(anonymous_19)
FN:317,(anonymous_20)
FN:326,(anonymous_21)
FN:346,(anonymous_22)
FN:356,(anonymous_23)
FN:367,(anonymous_24)
FN:377,(anonymous_25)
FN:390,(anonymous_26)
FN:400,(anonymous_27)
FN:410,(anonymous_28)
FN:420,(anonymous_29)
FN:432,(anonymous_30)
FN:449,(anonymous_31)
FN:455,(anonymous_32)
FN:467,(anonymous_33)
FN:471,(anonymous_34)
FN:572,(anonymous_35)
FN:594,(anonymous_36)
FNF:37
FNH:0
FNDA:0,MyRequests
FNDA:0,(anonymous_1)
FNDA:0,(anonymous_2)
FNDA:0,(anonymous_3)
FNDA:0,(anonymous_4)
FNDA:0,(anonymous_5)
FNDA:0,(anonymous_6)
FNDA:0,(anonymous_7)
FNDA:0,(anonymous_8)
FNDA:0,(anonymous_9)
FNDA:0,(anonymous_10)
FNDA:0,(anonymous_11)
FNDA:0,(anonymous_12)
FNDA:0,(anonymous_13)
FNDA:0,(anonymous_14)
FNDA:0,(anonymous_15)
FNDA:0,(anonymous_16)
FNDA:0,(anonymous_17)
FNDA:0,(anonymous_18)
FNDA:0,(anonymous_19)
FNDA:0,(anonymous_20)
FNDA:0,(anonymous_21)
FNDA:0,(anonymous_22)
FNDA:0,(anonymous_23)
FNDA:0,(anonymous_24)
FNDA:0,(anonymous_25)
FNDA:0,(anonymous_26)
FNDA:0,(anonymous_27)
FNDA:0,(anonymous_28)
FNDA:0,(anonymous_29)
FNDA:0,(anonymous_30)
FNDA:0,(anonymous_31)
FNDA:0,(anonymous_32)
FNDA:0,(anonymous_33)
FNDA:0,(anonymous_34)
FNDA:0,(anonymous_35)
FNDA:0,(anonymous_36)
DA:6,0
DA:9,0
DA:10,0
DA:11,0
DA:12,0
DA:13,0
DA:14,0
DA:15,0
DA:17,0
DA:31,0
DA:32,0
DA:35,0
DA:36,0
DA:37,0
DA:40,0
DA:54,0
DA:55,0
DA:56,0
DA:57,0
DA:61,0
DA:62,0
DA:63,0
DA:64,0
DA:65,0
DA:66,0
DA:67,0
DA:70,0
DA:76,0
DA:77,0
DA:78,0
DA:79,0
DA:80,0
DA:81,0
DA:82,0
DA:83,0
DA:85,0
DA:86,0
DA:89,0
DA:91,0
DA:95,0
DA:96,0
DA:97,0
DA:99,0
DA:100,0
DA:102,0
DA:103,0
DA:104,0
DA:105,0
DA:106,0
DA:107,0
DA:108,0
DA:109,0
DA:110,0
DA:111,0
DA:112,0
DA:114,0
DA:115,0
DA:118,0
DA:126,0
DA:127,0
DA:128,0
DA:141,0
DA:142,0
DA:143,0
DA:144,0
DA:145,0
DA:146,0
DA:148,0
DA:149,0
DA:152,0
DA:156,0
DA:157,0
DA:158,0
DA:161,0
DA:162,0
DA:163,0
DA:170,0
DA:171,0
DA:173,0
DA:174,0
DA:177,0
DA:181,0
DA:182,0
DA:185,0
DA:186,0
DA:187,0
DA:188,0
DA:189,0
DA:190,0
DA:191,0
DA:195,0
DA:196,0
DA:197,0
DA:199,0
DA:200,0
DA:202,0
DA:205,0
DA:206,0
DA:207,0
DA:208,0
DA:211,0
DA:212,0
DA:213,0
DA:214,0
DA:220,0
DA:221,0
DA:222,0
DA:223,0
DA:224,0
DA:225,0
DA:226,0
DA:227,0
DA:228,0
DA:229,0
DA:231,0
DA:234,0
DA:239,0
DA:240,0
DA:241,0
DA:242,0
DA:245,0
DA:246,0
DA:247,0
DA:249,0
DA:250,0
DA:253,0
DA:263,0
DA:264,0
DA:265,0
DA:277,0
DA:317,0
DA:326,0
DA:346,0
DA:356,0
DA:367,0
DA:377,0
DA:390,0
DA:400,0
DA:410,0
DA:420,0
DA:432,0
DA:449,0
DA:455,0
DA:467,0
DA:472,0
DA:572,0
DA:594,0
LF:147
LH:0
BRDA:36,0,0,0
BRDA:36,0,1,0
BRDA:41,1,0,0
BRDA:41,1,1,0
BRDA:42,2,0,0
BRDA:42,2,1,0
BRDA:43,3,0,0
BRDA:43,3,1,0
BRDA:44,4,0,0
BRDA:44,4,1,0
BRDA:45,5,0,0
BRDA:45,5,1,0
BRDA:46,6,0,0
BRDA:46,6,1,0
BRDA:47,7,0,0
BRDA:47,7,1,0
BRDA:48,8,0,0
BRDA:48,8,1,0
BRDA:49,9,0,0
BRDA:49,9,1,0
BRDA:50,10,0,0
BRDA:50,10,1,0
BRDA:54,11,0,0
BRDA:54,11,1,0
BRDA:64,12,0,0
BRDA:64,12,1,0
BRDA:76,13,0,0
BRDA:76,13,1,0
BRDA:79,14,0,0
BRDA:79,14,1,0
BRDA:79,15,0,0
BRDA:79,15,1,0
BRDA:86,16,0,0
BRDA:86,16,1,0
BRDA:114,17,0,0
BRDA:114,17,1,0
BRDA:126,18,0,0
BRDA:126,18,1,0
BRDA:142,19,0,0
BRDA:142,19,1,0
BRDA:142,20,0,0
BRDA:142,20,1,0
BRDA:149,21,0,0
BRDA:149,21,1,0
BRDA:157,22,0,0
BRDA:157,22,1,0
BRDA:170,23,0,0
BRDA:170,23,1,0
BRDA:174,24,0,0
BRDA:174,24,1,0
BRDA:186,25,0,0
BRDA:186,25,1,0
BRDA:186,25,2,0
BRDA:186,25,3,0
BRDA:186,25,4,0
BRDA:196,26,0,0
BRDA:196,26,1,0
BRDA:199,27,0,0
BRDA:199,27,1,0
BRDA:220,28,0,0
BRDA:220,28,1,0
BRDA:245,29,0,0
BRDA:245,29,1,0
BRDA:246,30,0,0
BRDA:246,30,1,0
BRDA:247,31,0,0
BRDA:247,31,1,0
BRDA:249,32,0,0
BRDA:249,32,1,0
BRDA:278,33,0,0
BRDA:278,33,1,0
BRDA:305,34,0,0
BRDA:305,34,1,0
BRDA:307,35,0,0
BRDA:307,35,1,0
BRDA:366,36,0,0
BRDA:366,36,1,0
BRDA:432,37,0,0
BRDA:432,37,1,0
BRDA:435,38,0,0
BRDA:435,38,1,0
BRDA:448,39,0,0
BRDA:448,39,1,0
BRDA:454,40,0,0
BRDA:454,40,1,0
BRDA:463,41,0,0
BRDA:463,41,1,0
BRDA:465,42,0,0
BRDA:465,42,1,0
BRDA:466,43,0,0
BRDA:466,43,1,0
BRDA:476,44,0,0
BRDA:476,44,1,0
BRDA:477,45,0,0
BRDA:477,45,1,0
BRDA:478,46,0,0
BRDA:478,46,1,0
BRDA:479,47,0,0
BRDA:479,47,1,0
BRDA:490,48,0,0
BRDA:490,48,1,0
BRDA:490,48,2,0
BRDA:499,49,0,0
BRDA:499,49,1,0
BRDA:518,50,0,0
BRDA:518,50,1,0
BRDA:528,51,0,0
BRDA:528,51,1,0
BRDA:537,52,0,0
BRDA:537,52,1,0
BRDA:541,53,0,0
BRDA:541,53,1,0
BRDA:545,54,0,0
BRDA:545,54,1,0
BRDA:549,55,0,0
BRDA:549,55,1,0
BRDA:551,56,0,0
BRDA:551,56,1,0
BRDA:555,57,0,0
BRDA:555,57,1,0
BRDA:555,58,0,0
BRDA:555,58,1,0
BRDA:561,59,0,0
BRDA:561,59,1,0
BRDA:568,60,0,0
BRDA:568,60,1,0
BRDA:592,61,0,0
BRDA:592,61,1,0
BRF:128
BRH:0
end_of_record
TN:
SF:src\components\OAuth2Callback.jsx
FN:7,OAuth2Callback
FN:12,(anonymous_1)
FN:20,(anonymous_2)
FN:24,(anonymous_3)
FN:63,(anonymous_4)
FNF:5
FNH:0
FNDA:0,OAuth2Callback
FNDA:0,(anonymous_1)
FNDA:0,(anonymous_2)
FNDA:0,(anonymous_3)
FNDA:0,(anonymous_4)
DA:5,0
DA:8,0
DA:9,0
DA:10,0
DA:12,0
DA:14,0
DA:15,0
DA:16,0
DA:18,0
DA:19,0
DA:20,0
DA:21,0
DA:23,0
DA:24,0
DA:25,0
DA:26,0
DA:28,0
DA:34,0
DA:35,0
DA:36,0
DA:45,0
DA:46,0
DA:48,0
DA:51,0
DA:52,0
DA:55,0
DA:56,0
DA:60,0
DA:62,0
DA:63,0
DA:64,0
DA:69,0
LF:32
LH:0
BRDA:5,0,0,0
BRDA:5,0,1,0
BRDA:18,1,0,0
BRDA:18,1,1,0
BRDA:23,2,0,0
BRDA:23,2,1,0
BRDA:34,3,0,0
BRDA:34,3,1,0
BRDA:41,4,0,0
BRDA:41,4,1,0
BRDA:45,5,0,0
BRDA:45,5,1,0
BRDA:73,6,0,0
BRDA:73,6,1,0
BRDA:75,7,0,0
BRDA:75,7,1,0
BRF:16
BRH:0
end_of_record
TN:
SF:src\components\Profile.jsx
FN:9,Profile
FN:22,(anonymous_1)
FN:23,(anonymous_2)
FN:63,(anonymous_3)
FN:80,(anonymous_4)
FN:88,(anonymous_5)
FN:109,(anonymous_6)
FN:119,(anonymous_7)
FN:152,(anonymous_8)
FN:158,(anonymous_9)
FN:178,(anonymous_10)
FN:181,(anonymous_11)
FN:182,(anonymous_12)
FN:183,(anonymous_13)
FN:184,(anonymous_14)
FN:187,(anonymous_15)
FN:189,(anonymous_16)
FNF:17
FNH:0
FNDA:0,Profile
FNDA:0,(anonymous_1)
FNDA:0,(anonymous_2)
FNDA:0,(anonymous_3)
FNDA:0,(anonymous_4)
FNDA:0,(anonymous_5)
FNDA:0,(anonymous_6)
FNDA:0,(anonymous_7)
FNDA:0,(anonymous_8)
FNDA:0,(anonymous_9)
FNDA:0,(anonymous_10)
FNDA:0,(anonymous_11)
FNDA:0,(anonymous_12)
FNDA:0,(anonymous_13)
FNDA:0,(anonymous_14)
FNDA:0,(anonymous_15)
FNDA:0,(anonymous_16)
DA:7,0
DA:10,0
DA:11,0
DA:12,0
DA:13,0
DA:14,0
DA:15,0
DA:17,0
DA:22,0
DA:23,0
DA:24,0
DA:26,0
DA:27,0
DA:28,0
DA:31,0
DA:32,0
DA:39,0
DA:40,0
DA:41,0
DA:42,0
DA:46,0
DA:47,0
DA:48,0
DA:50,0
DA:51,0
DA:54,0
DA:56,0
DA:60,0
DA:63,0
DA:64,0
DA:65,0
DA:67,0
DA:68,0
DA:69,0
DA:73,0
DA:74,0
DA:75,0
DA:79,0
DA:80,0
DA:81,0
DA:82,0
DA:84,0
DA:88,0
DA:89,0
DA:90,0
DA:91,0
DA:93,0
DA:94,0
DA:95,0
DA:104,0
DA:105,0
DA:106,0
DA:107,0
DA:108,0
DA:109,0
DA:111,0
DA:112,0
DA:115,0
DA:119,0
DA:120,0
DA:121,0
DA:122,0
DA:125,0
DA:126,0
DA:133,0
DA:134,0
DA:135,0
DA:137,0
DA:152,0
DA:158,0
DA:169,0
DA:178,0
DA:181,0
DA:182,0
DA:183,0
DA:184,0
DA:187,0
DA:189,0
LF:78
LH:0
BRDA:26,0,0,0
BRDA:26,0,1,0
BRDA:39,1,0,0
BRDA:39,1,1,0
BRDA:44,2,0,0
BRDA:44,2,1,0
BRDA:46,3,0,0
BRDA:46,3,1,0
BRDA:65,4,0,0
BRDA:65,4,1,0
BRDA:67,5,0,0
BRDA:67,5,1,0
BRDA:73,6,0,0
BRDA:73,6,1,0
BRDA:104,7,0,0
BRDA:104,7,1,0
BRDA:112,8,0,0
BRDA:112,8,1,0
BRDA:125,9,0,0
BRDA:125,9,1,0
BRDA:133,10,0,0
BRDA:133,10,1,0
BRDA:141,11,0,0
BRDA:141,11,1,0
BRDA:145,12,0,0
BRDA:145,12,1,0
BRDA:146,13,0,0
BRDA:146,13,1,0
BRDA:147,14,0,0
BRDA:147,14,1,0
BRDA:179,15,0,0
BRDA:179,15,1,0
BRF:32
BRH:0
end_of_record
TN:
SF:src\components\Register.jsx
FN:7,Register
FN:19,(anonymous_1)
FN:21,(anonymous_2)
FN:27,(anonymous_3)
FN:34,(anonymous_4)
FN:68,(anonymous_5)
FN:89,(anonymous_6)
FNF:7
FNH:0
FNDA:0,Register
FNDA:0,(anonymous_1)
FNDA:0,(anonymous_2)
FNDA:0,(anonymous_3)
FNDA:0,(anonymous_4)
FNDA:0,(anonymous_5)
FNDA:0,(anonymous_6)
DA:8,0
DA:9,0
DA:15,0
DA:16,0
DA:17,0
DA:19,0
DA:20,0
DA:21,0
DA:26,0
DA:27,0
DA:34,0
DA:35,0
DA:38,0
DA:39,0
DA:40,0
DA:41,0
DA:45,0
DA:46,0
DA:47,0
DA:48,0
DA:52,0
DA:53,0
DA:54,0
DA:55,0
DA:59,0
DA:60,0
DA:61,0
DA:62,0
DA:65,0
DA:68,0
DA:69,0
DA:72,0
DA:73,0
DA:74,0
DA:75,0
DA:78,0
DA:79,0
DA:80,0
DA:83,0
DA:85,0
DA:87,0
DA:88,0
DA:89,0
DA:90,0
DA:93,0
DA:97,0
LF:46
LH:0
BRDA:26,0,0,0
BRDA:26,0,1,0
BRDA:38,1,0,0
BRDA:38,1,1,0
BRDA:40,2,0,0
BRDA:40,2,1,0
BRDA:45,3,0,0
BRDA:45,3,1,0
BRDA:47,4,0,0
BRDA:47,4,1,0
BRDA:52,5,0,0
BRDA:52,5,1,0
BRDA:54,6,0,0
BRDA:54,6,1,0
BRDA:59,7,0,0
BRDA:59,7,1,0
BRDA:61,8,0,0
BRDA:61,8,1,0
BRDA:73,9,0,0
BRDA:73,9,1,0
BRDA:87,10,0,0
BRDA:87,10,1,0
BRDA:110,11,0,0
BRDA:110,11,1,0
BRDA:116,12,0,0
BRDA:116,12,1,0
BRDA:130,13,0,0
BRDA:130,13,1,0
BRDA:133,14,0,0
BRDA:133,14,1,0
BRDA:144,15,0,0
BRDA:144,15,1,0
BRDA:147,16,0,0
BRDA:147,16,1,0
BRDA:158,17,0,0
BRDA:158,17,1,0
BRDA:161,18,0,0
BRDA:161,18,1,0
BRDA:172,19,0,0
BRDA:172,19,1,0
BRDA:175,20,0,0
BRDA:175,20,1,0
BRDA:179,21,0,0
BRDA:179,21,1,0
BRF:44
BRH:0
end_of_record
TN:
SF:src\components\Admin\AdminDashboard.jsx
FN:8,AdminDashboard
FN:13,(anonymous_1)
FN:18,(anonymous_2)
FN:31,(anonymous_3)
FN:32,(anonymous_4)
FN:33,(anonymous_5)
FN:34,(anonymous_6)
FN:35,(anonymous_7)
FN:36,(anonymous_8)
FNF:9
FNH:0
FNDA:0,AdminDashboard
FNDA:0,(anonymous_1)
FNDA:0,(anonymous_2)
FNDA:0,(anonymous_3)
FNDA:0,(anonymous_4)
FNDA:0,(anonymous_5)
FNDA:0,(anonymous_6)
FNDA:0,(anonymous_7)
FNDA:0,(anonymous_8)
DA:9,0
DA:10,0
DA:11,0
DA:13,0
DA:14,0
DA:15,0
DA:18,0
DA:19,0
DA:22,0
DA:31,0
DA:32,0
DA:33,0
DA:34,0
DA:35,0
DA:36,0
LF:15
LH:0
BRDA:11,0,0,0
BRDA:11,0,1,0
BRDA:31,1,0,0
BRDA:31,1,1,0
BRDA:32,2,0,0
BRDA:32,2,1,0
BRDA:33,3,0,0
BRDA:33,3,1,0
BRDA:34,4,0,0
BRDA:34,4,1,0
BRDA:35,5,0,0
BRDA:35,5,1,0
BRF:12
BRH:0
end_of_record
TN:
SF:src\components\Admin\AdminEquipmentPanel.jsx
FN:5,AdminEquipmentPanel
FN:5,(anonymous_1)
FN:25,(anonymous_2)
FN:48,(anonymous_3)
FN:71,(anonymous_4)
FN:75,(anonymous_5)
FN:84,(anonymous_6)
FN:91,(anonymous_7)
FN:92,(anonymous_8)
FN:133,(anonymous_9)
FN:148,(anonymous_10)
FN:155,(anonymous_11)
FN:182,(anonymous_12)
FN:183,(anonymous_13)
FN:184,(anonymous_14)
FN:185,(anonymous_15)
FN:196,(anonymous_16)
FN:199,(anonymous_17)
FN:222,(anonymous_18)
FN:229,(anonymous_19)
FN:236,(anonymous_20)
FN:243,(anonymous_21)
FN:250,(anonymous_22)
FN:285,(anonymous_23)
FN:288,(anonymous_24)
FN:291,(anonymous_25)
FN:303,(anonymous_26)
FN:320,(anonymous_27)
FN:342,(anonymous_28)
FN:352,(anonymous_29)
FN:362,(anonymous_30)
FN:371,(anonymous_31)
FN:385,(anonymous_32)
FN:396,(anonymous_33)
FN:406,(anonymous_34)
FN:416,(anonymous_35)
FN:435,(anonymous_36)
FN:464,(anonymous_37)
FN:503,(anonymous_38)
FN:518,(anonymous_39)
FN:532,(anonymous_40)
FN:539,(anonymous_41)
FN:567,(anonymous_42)
FN:591,(anonymous_43)
FN:591,(anonymous_44)
FN:598,(anonymous_45)
FN:605,(anonymous_46)
FNF:47
FNH:0
FNDA:0,AdminEquipmentPanel
FNDA:0,(anonymous_1)
FNDA:0,(anonymous_2)
FNDA:0,(anonymous_3)
FNDA:0,(anonymous_4)
FNDA:0,(anonymous_5)
FNDA:0,(anonymous_6)
FNDA:0,(anonymous_7)
FNDA:0,(anonymous_8)
FNDA:0,(anonymous_9)
FNDA:0,(anonymous_10)
FNDA:0,(anonymous_11)
FNDA:0,(anonymous_12)
FNDA:0,(anonymous_13)
FNDA:0,(anonymous_14)
FNDA:0,(anonymous_15)
FNDA:0,(anonymous_16)
FNDA:0,(anonymous_17)
FNDA:0,(anonymous_18)
FNDA:0,(anonymous_19)
FNDA:0,(anonymous_20)
FNDA:0,(anonymous_21)
FNDA:0,(anonymous_22)
FNDA:0,(anonymous_23)
FNDA:0,(anonymous_24)
FNDA:0,(anonymous_25)
FNDA:0,(anonymous_26)
FNDA:0,(anonymous_27)
FNDA:0,(anonymous_28)
FNDA:0,(anonymous_29)
FNDA:0,(anonymous_30)
FNDA:0,(anonymous_31)
FNDA:0,(anonymous_32)
FNDA:0,(anonymous_33)
FNDA:0,(anonymous_34)
FNDA:0,(anonymous_35)
FNDA:0,(anonymous_36)
FNDA:0,(anonymous_37)
FNDA:0,(anonymous_38)
FNDA:0,(anonymous_39)
FNDA:0,(anonymous_40)
FNDA:0,(anonymous_41)
FNDA:0,(anonymous_42)
FNDA:0,(anonymous_43)
FNDA:0,(anonymous_44)
FNDA:0,(anonymous_45)
FNDA:0,(anonymous_46)
DA:3,0
DA:6,0
DA:7,0
DA:8,0
DA:9,0
DA:10,0
DA:11,0
DA:12,0
DA:13,0
DA:14,0
DA:25,0
DA:26,0
DA:27,0
DA:36,0
DA:37,0
DA:38,0
DA:41,0
DA:42,0
DA:45,0
DA:48,0
DA:49,0
DA:50,0
DA:52,0
DA:53,0
DA:60,0
DA:61,0
DA:62,0
DA:63,0
DA:65,0
DA:67,0
DA:71,0
DA:72,0
DA:75,0
DA:76,0
DA:77,0
DA:78,0
DA:80,0
DA:84,0
DA:85,0
DA:86,0
DA:87,0
DA:89,0
DA:91,0
DA:92,0
DA:94,0
DA:95,0
DA:96,0
DA:99,0
DA:100,0
DA:111,0
DA:116,0
DA:126,0
DA:127,0
DA:129,0
DA:133,0
DA:134,0
DA:135,0
DA:137,0
DA:138,0
DA:147,0
DA:148,0
DA:149,0
DA:151,0
DA:155,0
DA:156,0
DA:157,0
DA:158,0
DA:164,0
DA:165,0
DA:166,0
DA:167,0
DA:168,0
DA:169,0
DA:170,0
DA:171,0
DA:172,0
DA:173,0
DA:175,0
DA:178,0
DA:182,0
DA:183,0
DA:184,0
DA:185,0
DA:186,0
DA:187,0
DA:189,0
DA:190,0
DA:191,0
DA:192,0
DA:193,0
DA:195,0
DA:196,0
DA:199,0
DA:200,0
DA:201,0
DA:203,0
DA:204,0
DA:206,0
DA:209,0
DA:222,0
DA:229,0
DA:236,0
DA:243,0
DA:250,0
DA:285,0
DA:288,0
DA:291,0
DA:304,0
DA:321,0
DA:342,0
DA:352,0
DA:362,0
DA:371,0
DA:385,0
DA:396,0
DA:406,0
DA:416,0
DA:436,0
DA:465,0
DA:504,0
DA:518,0
DA:532,0
DA:539,0
DA:568,0
DA:591,0
DA:598,0
DA:605,0
LF:127
LH:0
BRDA:3,0,0,0
BRDA:3,0,1,0
BRDA:5,1,0,0
BRDA:5,2,0,0
BRDA:5,3,0,0
BRDA:25,4,0,0
BRDA:32,5,0,0
BRDA:32,5,1,0
BRDA:36,6,0,0
BRDA:36,6,1,0
BRDA:38,7,0,0
BRDA:38,7,1,0
BRDA:41,8,0,0
BRDA:41,8,1,0
BRDA:60,9,0,0
BRDA:60,9,1,0
BRDA:61,10,0,0
BRDA:61,10,1,0
BRDA:62,11,0,0
BRDA:62,11,1,0
BRDA:63,12,0,0
BRDA:63,12,1,0
BRDA:65,13,0,0
BRDA:65,13,1,0
BRDA:78,14,0,0
BRDA:78,14,1,0
BRDA:80,15,0,0
BRDA:80,15,1,0
BRDA:94,16,0,0
BRDA:94,16,1,0
BRDA:129,17,0,0
BRDA:129,17,1,0
BRDA:133,18,0,0
BRDA:142,19,0,0
BRDA:142,19,1,0
BRDA:151,20,0,0
BRDA:151,20,1,0
BRDA:164,21,0,0
BRDA:164,21,1,0
BRDA:186,22,0,0
BRDA:186,22,1,0
BRDA:196,23,0,0
BRDA:196,23,1,0
BRDA:196,24,0,0
BRDA:196,24,1,0
BRDA:200,25,0,0
BRDA:200,25,1,0
BRDA:203,26,0,0
BRDA:203,26,1,0
BRDA:214,27,0,0
BRDA:214,27,1,0
BRDA:215,28,0,0
BRDA:215,28,1,0
BRDA:217,29,0,0
BRDA:217,29,1,0
BRDA:221,30,0,0
BRDA:221,30,1,0
BRDA:228,31,0,0
BRDA:228,31,1,0
BRDA:235,32,0,0
BRDA:235,32,1,0
BRDA:242,33,0,0
BRDA:242,33,1,0
BRDA:249,34,0,0
BRDA:249,34,1,0
BRDA:257,35,0,0
BRDA:257,35,1,0
BRDA:259,36,0,0
BRDA:259,36,1,0
BRDA:259,36,2,0
BRDA:299,37,0,0
BRDA:299,37,1,0
BRDA:306,38,0,0
BRDA:306,38,1,0
BRDA:307,39,0,0
BRDA:307,39,1,0
BRDA:307,40,0,0
BRDA:307,40,1,0
BRDA:316,41,0,0
BRDA:316,41,1,0
BRDA:334,42,0,0
BRDA:334,42,1,0
BRDA:334,42,2,0
BRDA:431,43,0,0
BRDA:431,43,1,0
BRDA:447,44,0,0
BRDA:447,44,1,0
BRDA:447,44,2,0
BRDA:459,45,0,0
BRDA:459,45,1,0
BRDA:469,46,0,0
BRDA:469,46,1,0
BRDA:471,47,0,0
BRDA:471,47,1,0
BRDA:480,48,0,0
BRDA:480,48,1,0
BRDA:480,48,2,0
BRDA:498,49,0,0
BRDA:498,49,1,0
BRDA:505,50,0,0
BRDA:505,50,1,0
BRDA:506,51,0,0
BRDA:506,51,1,0
BRDA:510,52,0,0
BRDA:510,52,1,0
BRDA:511,53,0,0
BRDA:511,53,1,0
BRDA:514,54,0,0
BRDA:514,54,1,0
BRDA:527,55,0,0
BRDA:527,55,1,0
BRDA:546,56,0,0
BRDA:546,56,1,0
BRDA:548,57,0,0
BRDA:548,57,1,0
BRDA:562,58,0,0
BRDA:562,58,1,0
BRDA:562,58,2,0
BRDA:564,59,0,0
BRDA:564,59,1,0
BRDA:572,60,0,0
BRDA:572,60,1,0
BRDA:572,61,0,0
BRDA:572,61,1,0
BRDA:580,62,0,0
BRDA:580,62,1,0
BRDA:581,63,0,0
BRDA:581,63,1,0
BRDA:582,64,0,0
BRDA:582,64,1,0
BRDA:585,65,0,0
BRDA:585,65,1,0
BRDA:590,66,0,0
BRDA:590,66,1,0
BRF:134
BRH:0
end_of_record
TN:
SF:src\components\Users\UserProfilePanel.jsx
FN:3,UserProfilePanel
FN:33,(anonymous_1)
FN:58,(anonymous_2)
FN:69,(anonymous_3)
FN:97,(anonymous_4)
FN:110,(anonymous_5)
FN:114,(anonymous_6)
FN:145,(anonymous_7)
FN:170,(anonymous_8)
FNF:9
FNH:0
FNDA:0,UserProfilePanel
FNDA:0,(anonymous_1)
FNDA:0,(anonymous_2)
FNDA:0,(anonymous_3)
FNDA:0,(anonymous_4)
FNDA:0,(anonymous_5)
FNDA:0,(anonymous_6)
FNDA:0,(anonymous_7)
FNDA:0,(anonymous_8)
DA:15,0
DA:33,0
DA:58,0
DA:69,0
DA:97,0
DA:111,0
DA:112,0
DA:115,0
DA:116,0
DA:145,0
DA:171,0
DA:172,0
DA:176,0
LF:13
LH:0
BRDA:19,0,0,0
BRDA:19,0,1,0
BRDA:20,1,0,0
BRDA:20,1,1,0
BRDA:24,2,0,0
BRDA:24,2,1,0
BRDA:32,3,0,0
BRDA:32,3,1,0
BRDA:39,4,0,0
BRDA:39,4,1,0
BRDA:55,5,0,0
BRDA:55,5,1,0
BRDA:123,6,0,0
BRDA:123,6,1,0
BRDA:174,7,0,0
BRDA:174,7,1,0
BRF:16
BRH:0
end_of_record
TN:
SF:src\services\authService.js
FN:18,(anonymous_0)
FN:45,(anonymous_1)
FN:72,(anonymous_2)
FN:78,(anonymous_3)
FN:84,(anonymous_4)
FN:90,(anonymous_5)
FN:97,(anonymous_6)
FNF:7
FNH:6
FNDA:1,(anonymous_0)
FNDA:1,(anonymous_1)
FNDA:1,(anonymous_2)
FNDA:2,(anonymous_3)
FNDA:2,(anonymous_4)
FNDA:0,(anonymous_5)
FNDA:3,(anonymous_6)
DA:3,1
DA:4,1
DA:5,1
DA:8,1
DA:9,1
DA:10,1
DA:18,1
DA:19,1
DA:20,1
DA:27,1
DA:28,1
DA:30,1
DA:31,1
DA:35,1
DA:37,0
DA:45,1
DA:46,1
DA:47,1
DA:53,0
DA:54,0
DA:56,0
DA:57,0
DA:61,0
DA:63,1
DA:64,1
DA:72,1
DA:73,1
DA:74,1
DA:78,1
DA:79,2
DA:80,2
DA:84,1
DA:85,2
DA:86,2
DA:90,1
DA:92,0
DA:93,0
DA:97,1
DA:98,3
LF:39
LH:31
BRDA:3,0,0,1
BRDA:3,0,1,0
BRDA:27,1,0,1
BRDA:27,1,1,0
BRDA:30,2,0,1
BRDA:30,2,1,0
BRDA:39,3,0,0
BRDA:39,3,1,0
BRDA:39,3,2,0
BRDA:53,4,0,0
BRDA:53,4,1,0
BRDA:56,5,0,0
BRDA:56,5,1,0
BRDA:66,6,0,1
BRDA:66,6,1,0
BRDA:80,7,0,1
BRDA:80,7,1,1
BRF:17
BRH:6
end_of_record
